/dbfs/FileStore/VideoReTalking
üé¨ Running VideoReTalking on your custom video and audio...

/databricks/python/lib/python3.10/site-packages/paramiko/pkey.py:82: CryptographyDeprecationWarning: TripleDES has been moved to cryptography.hazmat.decrepit.ciphers.algorithms.TripleDES and will be removed from cryptography.hazmat.primitives.ciphers.algorithms in 48.0.0.
  "cipher": algorithms.TripleDES,
/databricks/python/lib/python3.10/site-packages/paramiko/transport.py:260: CryptographyDeprecationWarning: TripleDES has been moved to cryptography.hazmat.decrepit.ciphers.algorithms.TripleDES and will be removed from cryptography.hazmat.primitives.ciphers.algorithms in 48.0.0.
  "class": algorithms.TripleDES,
/databricks/python/lib/python3.10/site-packages/torchvision/io/image.py:13: UserWarning: Failed to load image Python extension: 'Could not load this library: /databricks/python3/lib/python3.10/site-packages/torchvision/image.so'If you don't plan on using image functionality from `torchvision.io`, you can ignore this warning. Otherwise, there might be something wrong with your environment. Did you have `libjpeg` or `libpng` installed before building `torchvision` from source?
  warn(
[Info] Using cuda for inference.
[Info] Initializing SFD face detector (no GPEN model files)
[Step 0] Number of frames available for inference: 440
[Step 1] Using saved landmarks.
[Step 2] 3DMM Extraction In Video:: 100%|‚ñà‚ñà‚ñà‚ñà| 440/440 [00:04<00:00, 103.49it/s]
using expression center
Traceback (most recent call last):
  File "/databricks/python/lib/python3.10/site-packages/scipy/io/matlab/_mio.py", line 39, in _open_file
    return open(file_like, mode), True
FileNotFoundError: [Errno 2] No such file or directory: 'checkpoints/expression.mat'

During handling of the above exception, another exception occurred:

Traceback (most recent call last):
  File "/dbfs/FileStore/VideoReTalking/inference.py", line 345, in <module>
    main()
  File "/dbfs/FileStore/VideoReTalking/inference.py", line 145, in main
    expression = torch.tensor(loadmat('checkpoints/expression.mat')['expression_center'])[0]
  File "/databricks/python/lib/python3.10/site-packages/scipy/io/matlab/_mio.py", line 225, in loadmat
    with _open_file_context(file_name, appendmat) as f:
  File "/usr/lib/python3.10/contextlib.py", line 135, in __enter__
    return next(self.gen)
  File "/databricks/python/lib/python3.10/site-packages/scipy/io/matlab/_mio.py", line 17, in _open_file_context
    f, opened = _open_file(file_like, appendmat, mode)
  File "/databricks/python/lib/python3.10/site-packages/scipy/io/matlab/_mio.py", line 45, in _open_file
    return open(file_like, mode), True
FileNotFoundError: [Errno 2] No such file or directory: 'checkpoints/expression.mat'

‚úÖ Processing complete!
üìÅ Output saved to: /Volumes/lab37_catalog/ifstrolley/trolley/Output_videoretalking.mp4
