✅ flash_attn temporarily disabled
✅ Config file created
============================================================
Starting MuseTalk inference...
Expected time: ~30 seconds for 17-second video
============================================================



STDERR: /local_disk0/.ephemeral_nfs/envs/pythonEnv-557d239f-e59f-401f-81ff-8373f5dbd1cf/lib/python3.10/site-packages/transformers/utils/generic.py:311: FutureWarning: `torch.utils._pytree._register_pytree_node` is deprecated. Please use `torch.utils._pytree.register_pytree_node` instead.
  torch.utils._pytree._register_pytree_node(
2026-02-10 05:48:19.731394: I tensorflow/core/platform/cpu_feature_guard.cc:182] This TensorFlow binary is optimized to use available CPU instructions in performance-critical operations.
To enable the following instructions: AVX2 FMA, in other operations, rebuild TensorFlow with the appropriate compiler flags.

A module that was compiled using NumPy 1.x cannot be run in
NumPy 2.2.6 as it may crash. To support both 1.x and 2.x
versions of NumPy, modules must be compiled with NumPy 2.0.
Some module may need to rebuild instead e.g. with 'pybind11>=2.12'.

If you are a user of the module, the easiest solution will be to
downgrade to 'numpy<2' or try to upgrade the affected module.
We expect that some modules will need time to support NumPy 2.

Traceback (most recent call last):  File "/usr/lib/python3.10/runpy.py", line 196, in _run_module_as_main
    return _run_code(code, main_globals, None,
  File "/usr/lib/python3.10/runpy.py", line 86, in _run_code
    exec(code, run_globals)
  File "/dbfs/FileStore/MuseTalk/scripts/inference.py", line 14, in <module>
    from transformers import WhisperModel
  File "/local_disk0/.ephemeral_nfs/envs/pythonEnv-557d239f-e59f-401f-81ff-8373f5dbd1cf/lib/python3.10/site-packages/transformers/utils/import_utils.py", line 1175, in __getattr__
    value = getattr(module, name)
  File "/local_disk0/.ephemeral_nfs/envs/pythonEnv-557d239f-e59f-401f-81ff-8373f5dbd1cf/lib/python3.10/site-packages/transformers/utils/import_utils.py", line 1174, in __getattr__
    module = self._get_module(self._class_to_module[name])
  File "/local_disk0/.ephemeral_nfs/envs/pythonEnv-557d239f-e59f-401f-81ff-8373f5dbd1cf/lib/python3.10/site-packages/transformers/utils/import_utils.py", line 1184, in _get_module
    return importlib.import_module("." + module_name, self.__name__)
  File "/usr/lib/python3.10/importlib/__init__.py", line 126, in import_module
    return _bootstrap._gcd_import(name[level:], package, level)
  File "/local_disk0/.ephemeral_nfs/envs/pythonEnv-557d239f-e59f-401f-81ff-8373f5dbd1cf/lib/python3.10/site-packages/transformers/models/whisper/modeling_whisper.py", line 35, in <module>
    from ...modeling_utils import PreTrainedModel
  File "/local_disk0/.ephemeral_nfs/envs/pythonEnv-557d239f-e59f-401f-81ff-8373f5dbd1cf/lib/python3.10/site-packages/transformers/modeling_utils.py", line 39, in <module>
    from .generation import GenerationConfig, GenerationMixin
  File "/local_disk0/.ephemeral_nfs/envs/pythonEnv-557d239f-e59f-401f-81ff-8373f5dbd1cf/lib/python3.10/site-packages/transformers/utils/import_utils.py", line 1174, in __getattr__
    module = self._get_module(self._class_to_module[name])
  File "/local_disk0/.ephemeral_nfs/envs/pythonEnv-557d239f-e59f-401f-81ff-8373f5dbd1cf/lib/python3.10/site-packages/transformers/utils/import_utils.py", line 1184, in _get_module
    return importlib.import_module("." + module_name, self.__name__)
  File "/usr/lib/python3.10/importlib/__init__.py", line 126, in import_module
    return _bootstrap._gcd_import(name[level:], package, level)
  File "/local_disk0/.ephemeral_nfs/envs/pythonEnv-557d239f-e59f-401f-81ff-8373f5dbd1cf/lib/python3.10/site-packages/transformers/generation/utils.py", line 27, in <module>
    from ..integrations.deepspeed import is_deepspeed_zero3_enabled
  File "/local_disk0/.ephemeral_nfs/envs/pythonEnv-557d239f-e59f-401f-81ff-8373f5dbd1cf/lib/python3.10/site-packages/transformers/integrations/__init__.py", line 33, in <module>
    from .integration_utils import (
  File "/local_disk0/.ephemeral_nfs/envs/pythonEnv-557d239f-e59f-401f-81ff-8373f5dbd1cf/lib/python3.10/site-packages/transformers/integrations/integration_utils.py", line 71, in <module>
    from ..trainer_callback import ProgressCallback, TrainerCallback  # noqa: E402
  File "/local_disk0/.ephemeral_nfs/envs/pythonEnv-557d239f-e59f-401f-81ff-8373f5dbd1cf/lib/python3.10/site-packages/transformers/trainer_callback.py", line 26, in <module>
    from .trainer_utils import IntervalStrategy, has_length
  File "/local_disk0/.ephemeral_nfs/envs/pythonEnv-557d239f-e59f-401f-81ff-8373f5dbd1cf/lib/python3.10/site-packages/transformers/trainer_utils.py", line 49, in <module>
    import tensorflow as tf
  File "/local_disk0/.ephemeral_nfs/envs/pythonEnv-557d239f-e59f-401f-81ff-8373f5dbd1cf/lib/python3.10/site-packages/tensorflow/__init__.py", line 37, in <module>
    from tensorflow.python.tools import module_util as _module_util
  File "/local_disk0/.ephemeral_nfs/envs/pythonEnv-557d239f-e59f-401f-81ff-8373f5dbd1cf/lib/python3.10/site-packages/tensorflow/python/__init__.py", line 37, in <module>
    from tensorflow.python.eager import context
  File "/local_disk0/.ephemeral_nfs/envs/pythonEnv-557d239f-e59f-401f-81ff-8373f5dbd1cf/lib/python3.10/site-packages/tensorflow/python/eager/context.py", line 33, in <module>
    from tensorflow.python.client import pywrap_tf_session
  File "/local_disk0/.ephemeral_nfs/envs/pythonEnv-557d239f-e59f-401f-81ff-8373f5dbd1cf/lib/python3.10/site-packages/tensorflow/python/client/pywrap_tf_session.py", line 19, in <module>
    from tensorflow.python.client._pywrap_tf_session import *
AttributeError: _ARRAY_API not found

A module that was compiled using NumPy 1.x cannot be run in
NumPy 2.2.6 as it may crash. To support both 1.x and 2.x
versions of NumPy, modules must be compiled with NumPy 2.0.
Some module may need to rebuild instead e.g. with 'pybind11>=2.12'.

If you are a user of the module, the easiest solution will be to
downgrade to 'numpy<2' or try to upgrade the affected module.
We expect that some modules will need time to support NumPy 2.

Traceback (most recent call last):  File "/usr/lib/python3.10/runpy.py", line 196, in _run_module_as_main
    return _run_code(code, main_globals, None,
  File "/usr/lib/python3.10/runpy.py", line 86, in _run_code
    exec(code, run_globals)
  File "/dbfs/FileStore/MuseTalk/scripts/inference.py", line 14, in <module>
    from transformers import WhisperModel
  File "/local_disk0/.ephemeral_nfs/envs/pythonEnv-557d239f-e59f-401f-81ff-8373f5dbd1cf/lib/python3.10/site-packages/transformers/utils/import_utils.py", line 1175, in __getattr__
    value = getattr(module, name)
  File "/local_disk0/.ephemeral_nfs/envs/pythonEnv-557d239f-e59f-401f-81ff-8373f5dbd1cf/lib/python3.10/site-packages/transformers/utils/import_utils.py", line 1174, in __getattr__
    module = self._get_module(self._class_to_module[name])
  File "/local_disk0/.ephemeral_nfs/envs/pythonEnv-557d239f-e59f-401f-81ff-8373f5dbd1cf/lib/python3.10/site-packages/transformers/utils/import_utils.py", line 1184, in _get_module
    return importlib.import_module("." + module_name, self.__name__)
  File "/usr/lib/python3.10/importlib/__init__.py", line 126, in import_module
    return _bootstrap._gcd_import(name[level:], package, level)
  File "/local_disk0/.ephemeral_nfs/envs/pythonEnv-557d239f-e59f-401f-81ff-8373f5dbd1cf/lib/python3.10/site-packages/transformers/models/whisper/modeling_whisper.py", line 35, in <module>
    from ...modeling_utils import PreTrainedModel
  File "/local_disk0/.ephemeral_nfs/envs/pythonEnv-557d239f-e59f-401f-81ff-8373f5dbd1cf/lib/python3.10/site-packages/transformers/modeling_utils.py", line 39, in <module>
    from .generation import GenerationConfig, GenerationMixin
  File "/local_disk0/.ephemeral_nfs/envs/pythonEnv-557d239f-e59f-401f-81ff-8373f5dbd1cf/lib/python3.10/site-packages/transformers/utils/import_utils.py", line 1174, in __getattr__
    module = self._get_module(self._class_to_module[name])
  File "/local_disk0/.ephemeral_nfs/envs/pythonEnv-557d239f-e59f-401f-81ff-8373f5dbd1cf/lib/python3.10/site-packages/transformers/utils/import_utils.py", line 1184, in _get_module
    return importlib.import_module("." + module_name, self.__name__)
  File "/usr/lib/python3.10/importlib/__init__.py", line 126, in import_module
    return _bootstrap._gcd_import(name[level:], package, level)
  File "/local_disk0/.ephemeral_nfs/envs/pythonEnv-557d239f-e59f-401f-81ff-8373f5dbd1cf/lib/python3.10/site-packages/transformers/generation/utils.py", line 27, in <module>
    from ..integrations.deepspeed import is_deepspeed_zero3_enabled
  File "/local_disk0/.ephemeral_nfs/envs/pythonEnv-557d239f-e59f-401f-81ff-8373f5dbd1cf/lib/python3.10/site-packages/transformers/integrations/__init__.py", line 33, in <module>
    from .integration_utils import (
  File "/local_disk0/.ephemeral_nfs/envs/pythonEnv-557d239f-e59f-401f-81ff-8373f5dbd1cf/lib/python3.10/site-packages/transformers/integrations/integration_utils.py", line 71, in <module>
    from ..trainer_callback import ProgressCallback, TrainerCallback  # noqa: E402
  File "/local_disk0/.ephemeral_nfs/envs/pythonEnv-557d239f-e59f-401f-81ff-8373f5dbd1cf/lib/python3.10/site-packages/transformers/trainer_callback.py", line 26, in <module>
    from .trainer_utils import IntervalStrategy, has_length
  File "/local_disk0/.ephemeral_nfs/envs/pythonEnv-557d239f-e59f-401f-81ff-8373f5dbd1cf/lib/python3.10/site-packages/transformers/trainer_utils.py", line 49, in <module>
    import tensorflow as tf
  File "/local_disk0/.ephemeral_nfs/envs/pythonEnv-557d239f-e59f-401f-81ff-8373f5dbd1cf/lib/python3.10/site-packages/tensorflow/__init__.py", line 37, in <module>
    from tensorflow.python.tools import module_util as _module_util
  File "/local_disk0/.ephemeral_nfs/envs/pythonEnv-557d239f-e59f-401f-81ff-8373f5dbd1cf/lib/python3.10/site-packages/tensorflow/python/__init__.py", line 42, in <module>
    from tensorflow.python import data
  File "/local_disk0/.ephemeral_nfs/envs/pythonEnv-557d239f-e59f-401f-81ff-8373f5dbd1cf/lib/python3.10/site-packages/tensorflow/python/data/__init__.py", line 21, in <module>
    from tensorflow.python.data import experimental
  File "/local_disk0/.ephemeral_nfs/envs/pythonEnv-557d239f-e59f-401f-81ff-8373f5dbd1cf/lib/python3.10/site-packages/tensorflow/python/data/experimental/__init__.py", line 97, in <module>
    from tensorflow.python.data.experimental import service
  File "/local_disk0/.ephemeral_nfs/envs/pythonEnv-557d239f-e59f-401f-81ff-8373f5dbd1cf/lib/python3.10/site-packages/tensorflow/python/data/experimental/service/__init__.py", line 419, in <module>
    from tensorflow.python.data.experimental.ops.data_service_ops import distribute
  File "/local_disk0/.ephemeral_nfs/envs/pythonEnv-557d239f-e59f-401f-81ff-8373f5dbd1cf/lib/python3.10/site-packages/tensorflow/python/data/experimental/ops/data_service_ops.py", line 22, in <module>
    from tensorflow.python.data.experimental.ops import compression_ops
  File "/local_disk0/.ephemeral_nfs/envs/pythonEnv-557d239f-e59f-401f-81ff-8373f5dbd1cf/lib/python3.10/site-packages/tensorflow/python/data/experimental/ops/compression_ops.py", line 16, in <module>
    from tensorflow.python.data.util import structure
  File "/local_disk0/.ephemeral_nfs/envs/pythonEnv-557d239f-e59f-401f-81ff-8373f5dbd1cf/lib/python3.10/site-packages/tensorflow/python/data/util/structure.py", line 22, in <module>
    from tensorflow.python.data.util import nest
  File "/local_disk0/.ephemeral_nfs/envs/pythonEnv-557d239f-e59f-401f-81ff-8373f5dbd1cf/lib/python3.10/site-packages/tensorflow/python/data/util/nest.py", line 34, in <module>
    from tensorflow.python.framework import sparse_tensor as _sparse_tensor
  File "/local_disk0/.ephemeral_nfs/envs/pythonEnv-557d239f-e59f-401f-81ff-8373f5dbd1cf/lib/python3.10/site-packages/tensorflow/python/framework/sparse_tensor.py", line 25, in <module>
    from tensorflow.python.framework import constant_op
  File "/local_disk0/.ephemeral_nfs/envs/pythonEnv-557d239f-e59f-401f-81ff-8373f5dbd1cf/lib/python3.10/site-packages/tensorflow/python/framework/constant_op.py", line 25, in <module>
    from tensorflow.python.eager import execute
  File "/local_disk0/.ephemeral_nfs/envs/pythonEnv-557d239f-e59f-401f-81ff-8373f5dbd1cf/lib/python3.10/site-packages/tensorflow/python/eager/execute.py", line 21, in <module>
    from tensorflow.python.framework import dtypes
  File "/local_disk0/.ephemeral_nfs/envs/pythonEnv-557d239f-e59f-401f-81ff-8373f5dbd1cf/lib/python3.10/site-packages/tensorflow/python/framework/dtypes.py", line 29, in <module>
    from tensorflow.python.lib.core import _pywrap_bfloat16
AttributeError: _ARRAY_API not found
ImportError: numpy.core._multiarray_umath failed to import
ImportError: numpy.core.umath failed to import

A module that was compiled using NumPy 1.x cannot be run in
NumPy 2.2.6 as it may crash. To support both 1.x and 2.x
versions of NumPy, modules must be compiled with NumPy 2.0.
Some module may need to rebuild instead e.g. with 'pybind11>=2.12'.

If you are a user of the module, the easiest solution will be to
downgrade to 'numpy<2' or try to upgrade the affected module.
We expect that some modules will need time to support NumPy 2.

Traceback (most recent call last):  File "/usr/lib/python3.10/runpy.py", line 196, in _run_module_as_main
    return _run_code(code, main_globals, None,
  File "/usr/lib/python3.10/runpy.py", line 86, in _run_code
    exec(code, run_globals)
  File "/dbfs/FileStore/MuseTalk/scripts/inference.py", line 14, in <module>
    from transformers import WhisperModel
  File "/local_disk0/.ephemeral_nfs/envs/pythonEnv-557d239f-e59f-401f-81ff-8373f5dbd1cf/lib/python3.10/site-packages/transformers/utils/import_utils.py", line 1175, in __getattr__
    value = getattr(module, name)
  File "/local_disk0/.ephemeral_nfs/envs/pythonEnv-557d239f-e59f-401f-81ff-8373f5dbd1cf/lib/python3.10/site-packages/transformers/utils/import_utils.py", line 1174, in __getattr__
    module = self._get_module(self._class_to_module[name])
  File "/local_disk0/.ephemeral_nfs/envs/pythonEnv-557d239f-e59f-401f-81ff-8373f5dbd1cf/lib/python3.10/site-packages/transformers/utils/import_utils.py", line 1184, in _get_module
    return importlib.import_module("." + module_name, self.__name__)
  File "/usr/lib/python3.10/importlib/__init__.py", line 126, in import_module
    return _bootstrap._gcd_import(name[level:], package, level)
  File "/local_disk0/.ephemeral_nfs/envs/pythonEnv-557d239f-e59f-401f-81ff-8373f5dbd1cf/lib/python3.10/site-packages/transformers/models/whisper/modeling_whisper.py", line 35, in <module>
    from ...modeling_utils import PreTrainedModel
  File "/local_disk0/.ephemeral_nfs/envs/pythonEnv-557d239f-e59f-401f-81ff-8373f5dbd1cf/lib/python3.10/site-packages/transformers/modeling_utils.py", line 39, in <module>
    from .generation import GenerationConfig, GenerationMixin
  File "/local_disk0/.ephemeral_nfs/envs/pythonEnv-557d239f-e59f-401f-81ff-8373f5dbd1cf/lib/python3.10/site-packages/transformers/utils/import_utils.py", line 1174, in __getattr__
    module = self._get_module(self._class_to_module[name])
  File "/local_disk0/.ephemeral_nfs/envs/pythonEnv-557d239f-e59f-401f-81ff-8373f5dbd1cf/lib/python3.10/site-packages/transformers/utils/import_utils.py", line 1184, in _get_module
    return importlib.import_module("." + module_name, self.__name__)
  File "/usr/lib/python3.10/importlib/__init__.py", line 126, in import_module
    return _bootstrap._gcd_import(name[level:], package, level)
  File "/local_disk0/.ephemeral_nfs/envs/pythonEnv-557d239f-e59f-401f-81ff-8373f5dbd1cf/lib/python3.10/site-packages/transformers/generation/utils.py", line 27, in <module>
    from ..integrations.deepspeed import is_deepspeed_zero3_enabled
  File "/local_disk0/.ephemeral_nfs/envs/pythonEnv-557d239f-e59f-401f-81ff-8373f5dbd1cf/lib/python3.10/site-packages/transformers/integrations/__init__.py", line 33, in <module>
    from .integration_utils import (
  File "/local_disk0/.ephemeral_nfs/envs/pythonEnv-557d239f-e59f-401f-81ff-8373f5dbd1cf/lib/python3.10/site-packages/transformers/integrations/integration_utils.py", line 71, in <module>
    from ..trainer_callback import ProgressCallback, TrainerCallback  # noqa: E402
  File "/local_disk0/.ephemeral_nfs/envs/pythonEnv-557d239f-e59f-401f-81ff-8373f5dbd1cf/lib/python3.10/site-packages/transformers/trainer_callback.py", line 26, in <module>
    from .trainer_utils import IntervalStrategy, has_length
  File "/local_disk0/.ephemeral_nfs/envs/pythonEnv-557d239f-e59f-401f-81ff-8373f5dbd1cf/lib/python3.10/site-packages/transformers/trainer_utils.py", line 49, in <module>
    import tensorflow as tf
  File "/local_disk0/.ephemeral_nfs/envs/pythonEnv-557d239f-e59f-401f-81ff-8373f5dbd1cf/lib/python3.10/site-packages/tensorflow/__init__.py", line 37, in <module>
    from tensorflow.python.tools import module_util as _module_util
  File "/local_disk0/.ephemeral_nfs/envs/pythonEnv-557d239f-e59f-401f-81ff-8373f5dbd1cf/lib/python3.10/site-packages/tensorflow/python/__init__.py", line 42, in <module>
    from tensorflow.python import data
  File "/local_disk0/.ephemeral_nfs/envs/pythonEnv-557d239f-e59f-401f-81ff-8373f5dbd1cf/lib/python3.10/site-packages/tensorflow/python/data/__init__.py", line 21, in <module>
    from tensorflow.python.data import experimental
  File "/local_disk0/.ephemeral_nfs/envs/pythonEnv-557d239f-e59f-401f-81ff-8373f5dbd1cf/lib/python3.10/site-packages/tensorflow/python/data/experimental/__init__.py", line 97, in <module>
    from tensorflow.python.data.experimental import service
  File "/local_disk0/.ephemeral_nfs/envs/pythonEnv-557d239f-e59f-401f-81ff-8373f5dbd1cf/lib/python3.10/site-packages/tensorflow/python/data/experimental/service/__init__.py", line 419, in <module>
    from tensorflow.python.data.experimental.ops.data_service_ops import distribute
  File "/local_disk0/.ephemeral_nfs/envs/pythonEnv-557d239f-e59f-401f-81ff-8373f5dbd1cf/lib/python3.10/site-packages/tensorflow/python/data/experimental/ops/data_service_ops.py", line 22, in <module>
    from tensorflow.python.data.experimental.ops import compression_ops
  File "/local_disk0/.ephemeral_nfs/envs/pythonEnv-557d239f-e59f-401f-81ff-8373f5dbd1cf/lib/python3.10/site-packages/tensorflow/python/data/experimental/ops/compression_ops.py", line 16, in <module>
    from tensorflow.python.data.util import structure
  File "/local_disk0/.ephemeral_nfs/envs/pythonEnv-557d239f-e59f-401f-81ff-8373f5dbd1cf/lib/python3.10/site-packages/tensorflow/python/data/util/structure.py", line 22, in <module>
    from tensorflow.python.data.util import nest
  File "/local_disk0/.ephemeral_nfs/envs/pythonEnv-557d239f-e59f-401f-81ff-8373f5dbd1cf/lib/python3.10/site-packages/tensorflow/python/data/util/nest.py", line 34, in <module>
    from tensorflow.python.framework import sparse_tensor as _sparse_tensor
  File "/local_disk0/.ephemeral_nfs/envs/pythonEnv-557d239f-e59f-401f-81ff-8373f5dbd1cf/lib/python3.10/site-packages/tensorflow/python/framework/sparse_tensor.py", line 25, in <module>
    from tensorflow.python.framework import constant_op
  File "/local_disk0/.ephemeral_nfs/envs/pythonEnv-557d239f-e59f-401f-81ff-8373f5dbd1cf/lib/python3.10/site-packages/tensorflow/python/framework/constant_op.py", line 25, in <module>
    from tensorflow.python.eager import execute
  File "/local_disk0/.ephemeral_nfs/envs/pythonEnv-557d239f-e59f-401f-81ff-8373f5dbd1cf/lib/python3.10/site-packages/tensorflow/python/eager/execute.py", line 21, in <module>
    from tensorflow.python.framework import dtypes
  File "/local_disk0/.ephemeral_nfs/envs/pythonEnv-557d239f-e59f-401f-81ff-8373f5dbd1cf/lib/python3.10/site-packages/tensorflow/python/framework/dtypes.py", line 31, in <module>
    from tensorflow.python.lib.core import _pywrap_float8
AttributeError: _ARRAY_API not found
ImportError: numpy.core._multiarray_umath failed to import
ImportError: numpy.core.umath failed to import

A module that was compiled using NumPy 1.x cannot be run in
NumPy 2.2.6 as it may crash. To support both 1.x and 2.x
versions of NumPy, modules must be compiled with NumPy 2.0.
Some module may need to rebuild instead e.g. with 'pybind11>=2.12'.

If you are a user of the module, the easiest solution will be to
downgrade to 'numpy<2' or try to upgrade the affected module.
We expect that some modules will need time to support NumPy 2.

Traceback (most recent call last):  File "/usr/lib/python3.10/runpy.py", line 196, in _run_module_as_main
    return _run_code(code, main_globals, None,
  File "/usr/lib/python3.10/runpy.py", line 86, in _run_code
    exec(code, run_globals)
  File "/dbfs/FileStore/MuseTalk/scripts/inference.py", line 14, in <module>
    from transformers import WhisperModel
  File "/local_disk0/.ephemeral_nfs/envs/pythonEnv-557d239f-e59f-401f-81ff-8373f5dbd1cf/lib/python3.10/site-packages/transformers/utils/import_utils.py", line 1175, in __getattr__
    value = getattr(module, name)
  File "/local_disk0/.ephemeral_nfs/envs/pythonEnv-557d239f-e59f-401f-81ff-8373f5dbd1cf/lib/python3.10/site-packages/transformers/utils/import_utils.py", line 1174, in __getattr__
    module = self._get_module(self._class_to_module[name])
  File "/local_disk0/.ephemeral_nfs/envs/pythonEnv-557d239f-e59f-401f-81ff-8373f5dbd1cf/lib/python3.10/site-packages/transformers/utils/import_utils.py", line 1184, in _get_module
    return importlib.import_module("." + module_name, self.__name__)
  File "/usr/lib/python3.10/importlib/__init__.py", line 126, in import_module
    return _bootstrap._gcd_import(name[level:], package, level)
  File "/local_disk0/.ephemeral_nfs/envs/pythonEnv-557d239f-e59f-401f-81ff-8373f5dbd1cf/lib/python3.10/site-packages/transformers/models/whisper/modeling_whisper.py", line 35, in <module>
    from ...modeling_utils import PreTrainedModel
  File "/local_disk0/.ephemeral_nfs/envs/pythonEnv-557d239f-e59f-401f-81ff-8373f5dbd1cf/lib/python3.10/site-packages/transformers/modeling_utils.py", line 39, in <module>
    from .generation import GenerationConfig, GenerationMixin
  File "/local_disk0/.ephemeral_nfs/envs/pythonEnv-557d239f-e59f-401f-81ff-8373f5dbd1cf/lib/python3.10/site-packages/transformers/utils/import_utils.py", line 1174, in __getattr__
    module = self._get_module(self._class_to_module[name])
  File "/local_disk0/.ephemeral_nfs/envs/pythonEnv-557d239f-e59f-401f-81ff-8373f5dbd1cf/lib/python3.10/site-packages/transformers/utils/import_utils.py", line 1184, in _get_module
    return importlib.import_module("." + module_name, self.__name__)
  File "/usr/lib/python3.10/importlib/__init__.py", line 126, in import_module
    return _bootstrap._gcd_import(name[level:], package, level)
  File "/local_disk0/.ephemeral_nfs/envs/pythonEnv-557d239f-e59f-401f-81ff-8373f5dbd1cf/lib/python3.10/site-packages/transformers/generation/utils.py", line 27, in <module>
    from ..integrations.deepspeed import is_deepspeed_zero3_enabled
  File "/local_disk0/.ephemeral_nfs/envs/pythonEnv-557d239f-e59f-401f-81ff-8373f5dbd1cf/lib/python3.10/site-packages/transformers/integrations/__init__.py", line 33, in <module>
    from .integration_utils import (
  File "/local_disk0/.ephemeral_nfs/envs/pythonEnv-557d239f-e59f-401f-81ff-8373f5dbd1cf/lib/python3.10/site-packages/transformers/integrations/integration_utils.py", line 71, in <module>
    from ..trainer_callback import ProgressCallback, TrainerCallback  # noqa: E402
  File "/local_disk0/.ephemeral_nfs/envs/pythonEnv-557d239f-e59f-401f-81ff-8373f5dbd1cf/lib/python3.10/site-packages/transformers/trainer_callback.py", line 26, in <module>
    from .trainer_utils import IntervalStrategy, has_length
  File "/local_disk0/.ephemeral_nfs/envs/pythonEnv-557d239f-e59f-401f-81ff-8373f5dbd1cf/lib/python3.10/site-packages/transformers/trainer_utils.py", line 49, in <module>
    import tensorflow as tf
  File "/local_disk0/.ephemeral_nfs/envs/pythonEnv-557d239f-e59f-401f-81ff-8373f5dbd1cf/lib/python3.10/site-packages/tensorflow/__init__.py", line 37, in <module>
    from tensorflow.python.tools import module_util as _module_util
  File "/local_disk0/.ephemeral_nfs/envs/pythonEnv-557d239f-e59f-401f-81ff-8373f5dbd1cf/lib/python3.10/site-packages/tensorflow/python/__init__.py", line 42, in <module>
    from tensorflow.python import data
  File "/local_disk0/.ephemeral_nfs/envs/pythonEnv-557d239f-e59f-401f-81ff-8373f5dbd1cf/lib/python3.10/site-packages/tensorflow/python/data/__init__.py", line 21, in <module>
    from tensorflow.python.data import experimental
  File "/local_disk0/.ephemeral_nfs/envs/pythonEnv-557d239f-e59f-401f-81ff-8373f5dbd1cf/lib/python3.10/site-packages/tensorflow/python/data/experimental/__init__.py", line 97, in <module>
    from tensorflow.python.data.experimental import service
  File "/local_disk0/.ephemeral_nfs/envs/pythonEnv-557d239f-e59f-401f-81ff-8373f5dbd1cf/lib/python3.10/site-packages/tensorflow/python/data/experimental/service/__init__.py", line 419, in <module>
    from tensorflow.python.data.experimental.ops.data_service_ops import distribute
  File "/local_disk0/.ephemeral_nfs/envs/pythonEnv-557d239f-e59f-401f-81ff-8373f5dbd1cf/lib/python3.10/site-packages/tensorflow/python/data/experimental/ops/data_service_ops.py", line 22, in <module>
    from tensorflow.python.data.experimental.ops import compression_ops
  File "/local_disk0/.ephemeral_nfs/envs/pythonEnv-557d239f-e59f-401f-81ff-8373f5dbd1cf/lib/python3.10/site-packages/tensorflow/python/data/experimental/ops/compression_ops.py", line 16, in <module>
    from tensorflow.python.data.util import structure
  File "/local_disk0/.ephemeral_nfs/envs/pythonEnv-557d239f-e59f-401f-81ff-8373f5dbd1cf/lib/python3.10/site-packages/tensorflow/python/data/util/structure.py", line 22, in <module>
    from tensorflow.python.data.util import nest
  File "/local_disk0/.ephemeral_nfs/envs/pythonEnv-557d239f-e59f-401f-81ff-8373f5dbd1cf/lib/python3.10/site-packages/tensorflow/python/data/util/nest.py", line 34, in <module>
    from tensorflow.python.framework import sparse_tensor as _sparse_tensor
  File "/local_disk0/.ephemeral_nfs/envs/pythonEnv-557d239f-e59f-401f-81ff-8373f5dbd1cf/lib/python3.10/site-packages/tensorflow/python/framework/sparse_tensor.py", line 25, in <module>
    from tensorflow.python.framework import constant_op
  File "/local_disk0/.ephemeral_nfs/envs/pythonEnv-557d239f-e59f-401f-81ff-8373f5dbd1cf/lib/python3.10/site-packages/tensorflow/python/framework/constant_op.py", line 25, in <module>
    from tensorflow.python.eager import execute
  File "/local_disk0/.ephemeral_nfs/envs/pythonEnv-557d239f-e59f-401f-81ff-8373f5dbd1cf/lib/python3.10/site-packages/tensorflow/python/eager/execute.py", line 21, in <module>
    from tensorflow.python.framework import dtypes
  File "/local_disk0/.ephemeral_nfs/envs/pythonEnv-557d239f-e59f-401f-81ff-8373f5dbd1cf/lib/python3.10/site-packages/tensorflow/python/framework/dtypes.py", line 31, in <module>
    from tensorflow.python.lib.core import _pywrap_float8
AttributeError: _ARRAY_API not found
ImportError: numpy.core._multiarray_umath failed to import
ImportError: numpy.core.umath failed to import
Traceback (most recent call last):
  File "/local_disk0/.ephemeral_nfs/envs/pythonEnv-557d239f-e59f-401f-81ff-8373f5dbd1cf/lib/python3.10/site-packages/transformers/utils/import_utils.py", line 1184, in _get_module
    return importlib.import_module("." + module_name, self.__name__)
  File "/usr/lib/python3.10/importlib/__init__.py", line 126, in import_module
    return _bootstrap._gcd_import(name[level:], package, level)
  File "<frozen importlib._bootstrap>", line 1050, in _gcd_import
  File "<frozen importlib._bootstrap>", line 1027, in _find_and_load
  File "<frozen importlib._bootstrap>", line 1006, in _find_and_load_unlocked
  File "<frozen importlib._bootstrap>", line 688, in _load_unlocked
  File "<frozen importlib._bootstrap_external>", line 883, in exec_module
  File "<frozen importlib._bootstrap>", line 241, in _call_with_frames_removed
  File "/local_disk0/.ephemeral_nfs/envs/pythonEnv-557d239f-e59f-401f-81ff-8373f5dbd1cf/lib/python3.10/site-packages/transformers/generation/utils.py", line 27, in <module>
    from ..integrations.deepspeed import is_deepspeed_zero3_enabled
  File "/local_disk0/.ephemeral_nfs/envs/pythonEnv-557d239f-e59f-401f-81ff-8373f5dbd1cf/lib/python3.10/site-packages/transformers/integrations/__init__.py", line 33, in <module>
    from .integration_utils import (
  File "/local_disk0/.ephemeral_nfs/envs/pythonEnv-557d239f-e59f-401f-81ff-8373f5dbd1cf/lib/python3.10/site-packages/transformers/integrations/integration_utils.py", line 71, in <module>
    from ..trainer_callback import ProgressCallback, TrainerCallback  # noqa: E402
  File "/local_disk0/.ephemeral_nfs/envs/pythonEnv-557d239f-e59f-401f-81ff-8373f5dbd1cf/lib/python3.10/site-packages/transformers/trainer_callback.py", line 26, in <module>
    from .trainer_utils import IntervalStrategy, has_length
  File "/local_disk0/.ephemeral_nfs/envs/pythonEnv-557d239f-e59f-401f-81ff-8373f5dbd1cf/lib/python3.10/site-packages/transformers/trainer_utils.py", line 49, in <module>
    import tensorflow as tf
  File "/local_disk0/.ephemeral_nfs/envs/pythonEnv-557d239f-e59f-401f-81ff-8373f5dbd1cf/lib/python3.10/site-packages/tensorflow/__init__.py", line 37, in <module>
    from tensorflow.python.tools import module_util as _module_util
  File "/local_disk0/.ephemeral_nfs/envs/pythonEnv-557d239f-e59f-401f-81ff-8373f5dbd1cf/lib/python3.10/site-packages/tensorflow/python/__init__.py", line 42, in <module>
    from tensorflow.python import data
  File "/local_disk0/.ephemeral_nfs/envs/pythonEnv-557d239f-e59f-401f-81ff-8373f5dbd1cf/lib/python3.10/site-packages/tensorflow/python/data/__init__.py", line 21, in <module>
    from tensorflow.python.data import experimental
  File "/local_disk0/.ephemeral_nfs/envs/pythonEnv-557d239f-e59f-401f-81ff-8373f5dbd1cf/lib/python3.10/site-packages/tensorflow/python/data/experimental/__init__.py", line 97, in <module>
    from tensorflow.python.data.experimental import service
  File "/local_disk0/.ephemeral_nfs/envs/pythonEnv-557d239f-e59f-401f-81ff-8373f5dbd1cf/lib/python3.10/site-packages/tensorflow/python/data/experimental/service/__init__.py", line 419, in <module>
    from tensorflow.python.data.experimental.ops.data_service_ops import distribute
  File "/local_disk0/.ephemeral_nfs/envs/pythonEnv-557d239f-e59f-401f-81ff-8373f5dbd1cf/lib/python3.10/site-packages/tensorflow/python/data/experimental/ops/data_service_ops.py", line 22, in <module>
    from tensorflow.python.data.experimental.ops import compression_ops
  File "/local_disk0/.ephemeral_nfs/envs/pythonEnv-557d239f-e59f-401f-81ff-8373f5dbd1cf/lib/python3.10/site-packages/tensorflow/python/data/experimental/ops/compression_ops.py", line 16, in <module>
    from tensorflow.python.data.util import structure
  File "/local_disk0/.ephemeral_nfs/envs/pythonEnv-557d239f-e59f-401f-81ff-8373f5dbd1cf/lib/python3.10/site-packages/tensorflow/python/data/util/structure.py", line 22, in <module>
    from tensorflow.python.data.util import nest
  File "/local_disk0/.ephemeral_nfs/envs/pythonEnv-557d239f-e59f-401f-81ff-8373f5dbd1cf/lib/python3.10/site-packages/tensorflow/python/data/util/nest.py", line 34, in <module>
    from tensorflow.python.framework import sparse_tensor as _sparse_tensor
  File "/local_disk0/.ephemeral_nfs/envs/pythonEnv-557d239f-e59f-401f-81ff-8373f5dbd1cf/lib/python3.10/site-packages/tensorflow/python/framework/sparse_tensor.py", line 25, in <module>
    from tensorflow.python.framework import constant_op
  File "/local_disk0/.ephemeral_nfs/envs/pythonEnv-557d239f-e59f-401f-81ff-8373f5dbd1cf/lib/python3.10/site-packages/tensorflow/python/framework/constant_op.py", line 25, in <module>
    from tensorflow.python.eager import execute
  File "/local_disk0/.ephemeral_nfs/envs/pythonEnv-557d239f-e59f-401f-81ff-8373f5dbd1cf/lib/python3.10/site-packages/tensorflow/python/eager/execute.py", line 21, in <module>
    from tensorflow.python.framework import dtypes
  File "/local_disk0/.ephemeral_nfs/envs/pythonEnv-557d239f-e59f-401f-81ff-8373f5dbd1cf/lib/python3.10/site-packages/tensorflow/python/framework/dtypes.py", line 37, in <module>
    _np_bfloat16 = _pywrap_bfloat16.TF_bfloat16_type()
TypeError: Unable to convert function return value to a Python type! The signature was
	() -> handle

The above exception was the direct cause of the following exception:

Traceback (most recent call last):
  File "/local_disk0/.ephemeral_nfs/envs/pythonEnv-557d239f-e59f-401f-81ff-8373f5dbd1cf/lib/python3.10/site-packages/transformers/utils/import_utils.py", line 1184, in _get_module
    return importlib.import_module("." + module_name, self.__name__)
  File "/usr/lib/python3.10/importlib/__init__.py", line 126, in import_module
    return _bootstrap._gcd_import(name[level:], package, level)
  File "<frozen importlib._bootstrap>", line 1050, in _gcd_import
  File "<frozen importlib._bootstrap>", line 1027, in _find_and_load
  File "<frozen importlib._bootstrap>", line 1006, in _find_and_load_unlocked
  File "<frozen importlib._bootstrap>", line 688, in _load_unlocked
  File "<frozen importlib._bootstrap_external>", line 883, in exec_module
  File "<frozen importlib._bootstrap>", line 241, in _call_with_frames_removed
  File "/local_disk0/.ephemeral_nfs/envs/pythonEnv-557d239f-e59f-401f-81ff-8373f5dbd1cf/lib/python3.10/site-packages/transformers/models/whisper/modeling_whisper.py", line 35, in <module>
    from ...modeling_utils import PreTrainedModel
  File "/local_disk0/.ephemeral_nfs/envs/pythonEnv-557d239f-e59f-401f-81ff-8373f5dbd1cf/lib/python3.10/site-packages/transformers/modeling_utils.py", line 39, in <module>
    from .generation import GenerationConfig, GenerationMixin
  File "<frozen importlib._bootstrap>", line 1075, in _handle_fromlist
  File "/local_disk0/.ephemeral_nfs/envs/pythonEnv-557d239f-e59f-401f-81ff-8373f5dbd1cf/lib/python3.10/site-packages/transformers/utils/import_utils.py", line 1174, in __getattr__
    module = self._get_module(self._class_to_module[name])
  File "/local_disk0/.ephemeral_nfs/envs/pythonEnv-557d239f-e59f-401f-81ff-8373f5dbd1cf/lib/python3.10/site-packages/transformers/utils/import_utils.py", line 1186, in _get_module
    raise RuntimeError(
RuntimeError: Failed to import transformers.generation.utils because of the following error (look up to see its traceback):
Unable to convert function return value to a Python type! The signature was
	() -> handle

The above exception was the direct cause of the following exception:

Traceback (most recent call last):
  File "/usr/lib/python3.10/runpy.py", line 196, in _run_module_as_main
    return _run_code(code, main_globals, None,
  File "/usr/lib/python3.10/runpy.py", line 86, in _run_code
    exec(code, run_globals)
  File "/dbfs/FileStore/MuseTalk/scripts/inference.py", line 14, in <module>
    from transformers import WhisperModel
  File "<frozen importlib._bootstrap>", line 1075, in _handle_fromlist
  File "/local_disk0/.ephemeral_nfs/envs/pythonEnv-557d239f-e59f-401f-81ff-8373f5dbd1cf/lib/python3.10/site-packages/transformers/utils/import_utils.py", line 1175, in __getattr__
    value = getattr(module, name)
  File "/local_disk0/.ephemeral_nfs/envs/pythonEnv-557d239f-e59f-401f-81ff-8373f5dbd1cf/lib/python3.10/site-packages/transformers/utils/import_utils.py", line 1174, in __getattr__
    module = self._get_module(self._class_to_module[name])
  File "/local_disk0/.ephemeral_nfs/envs/pythonEnv-557d239f-e59f-401f-81ff-8373f5dbd1cf/lib/python3.10/site-packages/transformers/utils/import_utils.py", line 1186, in _get_module
    raise RuntimeError(
RuntimeError: Failed to import transformers.models.whisper.modeling_whisper because of the following error (look up to see its traceback):
Failed to import transformers.generation.utils because of the following error (look up to see its traceback):
Unable to convert function return value to a Python type! The signature was
	() -> handle


✅ flash_attn restored

============================================================
✅ Processing complete!
Check output at: /Volumes/lab37_catalog/ifstrolley/trolley/results/
============================================================
