✅ flash_attn temporarily disabled
✅ Config file created
============================================================
Starting MuseTalk inference...
Expected time: ~30 seconds for 17-second video
============================================================



STDERR: /databricks/python/lib/python3.10/site-packages/torchvision/io/image.py:13: UserWarning: Failed to load image Python extension: 'Could not load this library: /databricks/python3/lib/python3.10/site-packages/torchvision/image.so'If you don't plan on using image functionality from `torchvision.io`, you can ignore this warning. Otherwise, there might be something wrong with your environment. Did you have `libjpeg` or `libpng` installed before building `torchvision` from source?
  warn(
Traceback (most recent call last):
  File "/local_disk0/.ephemeral_nfs/envs/pythonEnv-50252f55-878d-4509-8ab7-9eba971dea81/lib/python3.10/site-packages/diffusers/utils/import_utils.py", line 1016, in _get_module
    return importlib.import_module("." + module_name, self.__name__)
  File "/usr/lib/python3.10/importlib/__init__.py", line 126, in import_module
    return _bootstrap._gcd_import(name[level:], package, level)
  File "<frozen importlib._bootstrap>", line 1050, in _gcd_import
  File "<frozen importlib._bootstrap>", line 1027, in _find_and_load
  File "<frozen importlib._bootstrap>", line 1006, in _find_and_load_unlocked
  File "<frozen importlib._bootstrap>", line 688, in _load_unlocked
  File "<frozen importlib._bootstrap_external>", line 883, in exec_module
  File "<frozen importlib._bootstrap>", line 241, in _call_with_frames_removed
  File "/local_disk0/.ephemeral_nfs/envs/pythonEnv-50252f55-878d-4509-8ab7-9eba971dea81/lib/python3.10/site-packages/diffusers/loaders/peft.py", line 25, in <module>
    from ..hooks.group_offloading import _maybe_remove_and_reapply_group_offloading
  File "/local_disk0/.ephemeral_nfs/envs/pythonEnv-50252f55-878d-4509-8ab7-9eba971dea81/lib/python3.10/site-packages/diffusers/hooks/__init__.py", line 25, in <module>
    from .layerwise_casting import apply_layerwise_casting, apply_layerwise_casting_hook
  File "/local_disk0/.ephemeral_nfs/envs/pythonEnv-50252f55-878d-4509-8ab7-9eba971dea81/lib/python3.10/site-packages/diffusers/hooks/layerwise_casting.py", line 36, in <module>
    from peft.helpers import disable_input_dtype_casting
  File "/local_disk0/.ephemeral_nfs/cluster_libraries/python/lib/python3.10/site-packages/peft/__init__.py", line 17, in <module>
    from .auto import (
  File "/local_disk0/.ephemeral_nfs/cluster_libraries/python/lib/python3.10/site-packages/peft/auto.py", line 31, in <module>
    from .config import PeftConfig
  File "/local_disk0/.ephemeral_nfs/cluster_libraries/python/lib/python3.10/site-packages/peft/config.py", line 30, in <module>
    from .utils import CONFIG_NAME, PeftType, TaskType
  File "/local_disk0/.ephemeral_nfs/cluster_libraries/python/lib/python3.10/site-packages/peft/utils/__init__.py", line 16, in <module>
    from .loftq_utils import replace_lora_weights_loftq
  File "/local_disk0/.ephemeral_nfs/cluster_libraries/python/lib/python3.10/site-packages/peft/utils/loftq_utils.py", line 25, in <module>
    from accelerate.utils.memory import clear_device_cache
ImportError: cannot import name 'clear_device_cache' from 'accelerate.utils.memory' (/databricks/python/lib/python3.10/site-packages/accelerate/utils/memory.py)

The above exception was the direct cause of the following exception:

Traceback (most recent call last):
  File "/local_disk0/.ephemeral_nfs/envs/pythonEnv-50252f55-878d-4509-8ab7-9eba971dea81/lib/python3.10/site-packages/diffusers/utils/import_utils.py", line 1016, in _get_module
    return importlib.import_module("." + module_name, self.__name__)
  File "/usr/lib/python3.10/importlib/__init__.py", line 126, in import_module
    return _bootstrap._gcd_import(name[level:], package, level)
  File "<frozen importlib._bootstrap>", line 1050, in _gcd_import
  File "<frozen importlib._bootstrap>", line 1027, in _find_and_load
  File "<frozen importlib._bootstrap>", line 992, in _find_and_load_unlocked
  File "<frozen importlib._bootstrap>", line 241, in _call_with_frames_removed
  File "<frozen importlib._bootstrap>", line 1050, in _gcd_import
  File "<frozen importlib._bootstrap>", line 1027, in _find_and_load
  File "<frozen importlib._bootstrap>", line 1006, in _find_and_load_unlocked
  File "<frozen importlib._bootstrap>", line 688, in _load_unlocked
  File "<frozen importlib._bootstrap_external>", line 883, in exec_module
  File "<frozen importlib._bootstrap>", line 241, in _call_with_frames_removed
  File "/local_disk0/.ephemeral_nfs/envs/pythonEnv-50252f55-878d-4509-8ab7-9eba971dea81/lib/python3.10/site-packages/diffusers/models/autoencoders/__init__.py", line 1, in <module>
    from .autoencoder_asym_kl import AsymmetricAutoencoderKL
  File "/local_disk0/.ephemeral_nfs/envs/pythonEnv-50252f55-878d-4509-8ab7-9eba971dea81/lib/python3.10/site-packages/diffusers/models/autoencoders/autoencoder_asym_kl.py", line 23, in <module>
    from .vae import AutoencoderMixin, DecoderOutput, DiagonalGaussianDistribution, Encoder, MaskConditionDecoder
  File "/local_disk0/.ephemeral_nfs/envs/pythonEnv-50252f55-878d-4509-8ab7-9eba971dea81/lib/python3.10/site-packages/diffusers/models/autoencoders/vae.py", line 25, in <module>
    from ..unets.unet_2d_blocks import (
  File "/local_disk0/.ephemeral_nfs/envs/pythonEnv-50252f55-878d-4509-8ab7-9eba971dea81/lib/python3.10/site-packages/diffusers/models/unets/__init__.py", line 6, in <module>
    from .unet_2d import UNet2DModel
  File "/local_disk0/.ephemeral_nfs/envs/pythonEnv-50252f55-878d-4509-8ab7-9eba971dea81/lib/python3.10/site-packages/diffusers/models/unets/unet_2d.py", line 24, in <module>
    from .unet_2d_blocks import UNetMidBlock2D, get_down_block, get_up_block
  File "/local_disk0/.ephemeral_nfs/envs/pythonEnv-50252f55-878d-4509-8ab7-9eba971dea81/lib/python3.10/site-packages/diffusers/models/unets/unet_2d_blocks.py", line 36, in <module>
    from ..transformers.dual_transformer_2d import DualTransformer2DModel
  File "/local_disk0/.ephemeral_nfs/envs/pythonEnv-50252f55-878d-4509-8ab7-9eba971dea81/lib/python3.10/site-packages/diffusers/models/transformers/__init__.py", line 5, in <module>
    from .auraflow_transformer_2d import AuraFlowTransformer2DModel
  File "/local_disk0/.ephemeral_nfs/envs/pythonEnv-50252f55-878d-4509-8ab7-9eba971dea81/lib/python3.10/site-packages/diffusers/models/transformers/auraflow_transformer_2d.py", line 23, in <module>
    from ...loaders import FromOriginalModelMixin, PeftAdapterMixin
  File "<frozen importlib._bootstrap>", line 1075, in _handle_fromlist
  File "/local_disk0/.ephemeral_nfs/envs/pythonEnv-50252f55-878d-4509-8ab7-9eba971dea81/lib/python3.10/site-packages/diffusers/utils/import_utils.py", line 1006, in __getattr__
    module = self._get_module(self._class_to_module[name])
  File "/local_disk0/.ephemeral_nfs/envs/pythonEnv-50252f55-878d-4509-8ab7-9eba971dea81/lib/python3.10/site-packages/diffusers/utils/import_utils.py", line 1018, in _get_module
    raise RuntimeError(
RuntimeError: Failed to import diffusers.loaders.peft because of the following error (look up to see its traceback):
cannot import name 'clear_device_cache' from 'accelerate.utils.memory' (/databricks/python/lib/python3.10/site-packages/accelerate/utils/memory.py)

The above exception was the direct cause of the following exception:

Traceback (most recent call last):
  File "/usr/lib/python3.10/runpy.py", line 196, in _run_module_as_main
    return _run_code(code, main_globals, None,
  File "/usr/lib/python3.10/runpy.py", line 86, in _run_code
    exec(code, run_globals)
  File "/dbfs/FileStore/MuseTalk/scripts/inference.py", line 20, in <module>
    from musetalk.utils.utils import get_file_type, get_video_fps, datagen, load_all_model
  File "/dbfs/FileStore/MuseTalk/musetalk/utils/utils.py", line 11, in <module>
    from musetalk.models.vae import VAE
  File "/dbfs/FileStore/MuseTalk/musetalk/models/vae.py", line 1, in <module>
    from diffusers import AutoencoderKL
  File "<frozen importlib._bootstrap>", line 1075, in _handle_fromlist
  File "/local_disk0/.ephemeral_nfs/envs/pythonEnv-50252f55-878d-4509-8ab7-9eba971dea81/lib/python3.10/site-packages/diffusers/utils/import_utils.py", line 1007, in __getattr__
    value = getattr(module, name)
  File "/local_disk0/.ephemeral_nfs/envs/pythonEnv-50252f55-878d-4509-8ab7-9eba971dea81/lib/python3.10/site-packages/diffusers/utils/import_utils.py", line 1006, in __getattr__
    module = self._get_module(self._class_to_module[name])
  File "/local_disk0/.ephemeral_nfs/envs/pythonEnv-50252f55-878d-4509-8ab7-9eba971dea81/lib/python3.10/site-packages/diffusers/utils/import_utils.py", line 1018, in _get_module
    raise RuntimeError(
RuntimeError: Failed to import diffusers.models.autoencoders.autoencoder_kl because of the following error (look up to see its traceback):
Failed to import diffusers.loaders.peft because of the following error (look up to see its traceback):
cannot import name 'clear_device_cache' from 'accelerate.utils.memory' (/databricks/python/lib/python3.10/site-packages/accelerate/utils/memory.py)


✅ flash_attn restored

============================================================
✅ Processing complete!
Check output at: /Volumes/lab37_catalog/ifstrolley/trolley/results/
============================================================
