✅ Config file created
============================================================
Starting MuseTalk inference...
Expected time: ~30 seconds for 17-second video
============================================================



STDERR: Traceback (most recent call last):
  File "/local_disk0/.ephemeral_nfs/envs/pythonEnv-2e147e00-dfc1-454e-8cba-edd6d88a7c19/lib/python3.10/site-packages/transformers/utils/import_utils.py", line 1472, in _get_module
    return importlib.import_module("." + module_name, self.__name__)
  File "/usr/lib/python3.10/importlib/__init__.py", line 126, in import_module
    return _bootstrap._gcd_import(name[level:], package, level)
  File "<frozen importlib._bootstrap>", line 1050, in _gcd_import
  File "<frozen importlib._bootstrap>", line 1027, in _find_and_load
  File "<frozen importlib._bootstrap>", line 1006, in _find_and_load_unlocked
  File "<frozen importlib._bootstrap>", line 688, in _load_unlocked
  File "<frozen importlib._bootstrap_external>", line 883, in exec_module
  File "<frozen importlib._bootstrap>", line 241, in _call_with_frames_removed
  File "/local_disk0/.ephemeral_nfs/envs/pythonEnv-2e147e00-dfc1-454e-8cba-edd6d88a7c19/lib/python3.10/site-packages/transformers/generation/utils.py", line 28, in <module>
    from ..integrations.deepspeed import is_deepspeed_zero3_enabled
  File "/local_disk0/.ephemeral_nfs/envs/pythonEnv-2e147e00-dfc1-454e-8cba-edd6d88a7c19/lib/python3.10/site-packages/transformers/integrations/deepspeed.py", line 48, in <module>
    from accelerate.utils.deepspeed import HfDeepSpeedConfig as DeepSpeedConfig
  File "/local_disk0/.ephemeral_nfs/envs/pythonEnv-2e147e00-dfc1-454e-8cba-edd6d88a7c19/lib/python3.10/site-packages/accelerate/__init__.py", line 16, in <module>
    from .accelerator import Accelerator
  File "/local_disk0/.ephemeral_nfs/envs/pythonEnv-2e147e00-dfc1-454e-8cba-edd6d88a7c19/lib/python3.10/site-packages/accelerate/accelerator.py", line 35, in <module>
    from .checkpointing import load_accelerator_state, load_custom_state, save_accelerator_state, save_custom_state
  File "/local_disk0/.ephemeral_nfs/envs/pythonEnv-2e147e00-dfc1-454e-8cba-edd6d88a7c19/lib/python3.10/site-packages/accelerate/checkpointing.py", line 24, in <module>
    from .utils import (
  File "/local_disk0/.ephemeral_nfs/envs/pythonEnv-2e147e00-dfc1-454e-8cba-edd6d88a7c19/lib/python3.10/site-packages/accelerate/utils/__init__.py", line 171, in <module>
    from .bnb import has_4bit_bnb_layers, load_and_quantize_model
  File "/local_disk0/.ephemeral_nfs/envs/pythonEnv-2e147e00-dfc1-454e-8cba-edd6d88a7c19/lib/python3.10/site-packages/accelerate/utils/bnb.py", line 29, in <module>
    from ..big_modeling import dispatch_model, init_empty_weights
  File "/local_disk0/.ephemeral_nfs/envs/pythonEnv-2e147e00-dfc1-454e-8cba-edd6d88a7c19/lib/python3.10/site-packages/accelerate/big_modeling.py", line 24, in <module>
    from .hooks import (
  File "/local_disk0/.ephemeral_nfs/envs/pythonEnv-2e147e00-dfc1-454e-8cba-edd6d88a7c19/lib/python3.10/site-packages/accelerate/hooks.py", line 30, in <module>
    from .utils.other import recursive_getattr
  File "/local_disk0/.ephemeral_nfs/envs/pythonEnv-2e147e00-dfc1-454e-8cba-edd6d88a7c19/lib/python3.10/site-packages/accelerate/utils/other.py", line 29, in <module>
    from ..commands.config.default import write_basic_config  # noqa: F401
  File "/local_disk0/.ephemeral_nfs/envs/pythonEnv-2e147e00-dfc1-454e-8cba-edd6d88a7c19/lib/python3.10/site-packages/accelerate/commands/config/__init__.py", line 19, in <module>
    from .config import config_command_parser
  File "/local_disk0/.ephemeral_nfs/envs/pythonEnv-2e147e00-dfc1-454e-8cba-edd6d88a7c19/lib/python3.10/site-packages/accelerate/commands/config/config.py", line 25, in <module>
    from .sagemaker import get_sagemaker_input
  File "/local_disk0/.ephemeral_nfs/envs/pythonEnv-2e147e00-dfc1-454e-8cba-edd6d88a7c19/lib/python3.10/site-packages/accelerate/commands/config/sagemaker.py", line 35, in <module>
    import boto3  # noqa: F401
  File "/databricks/python/lib/python3.10/site-packages/boto3/__init__.py", line 17, in <module>
    from boto3.session import Session
  File "/databricks/python/lib/python3.10/site-packages/boto3/session.py", line 17, in <module>
    import botocore.session
  File "/databricks/python/lib/python3.10/site-packages/botocore/session.py", line 26, in <module>
    import botocore.client
  File "/databricks/python/lib/python3.10/site-packages/botocore/client.py", line 17, in <module>
    from botocore import waiter, xform_name
  File "/databricks/python/lib/python3.10/site-packages/botocore/waiter.py", line 18, in <module>
    from botocore.docs.docstring import WaiterDocstring
  File "/databricks/python/lib/python3.10/site-packages/botocore/docs/__init__.py", line 15, in <module>
    from botocore.docs.service import ServiceDocumenter
  File "/databricks/python/lib/python3.10/site-packages/botocore/docs/service.py", line 14, in <module>
    from botocore.docs.client import ClientDocumenter, ClientExceptionsDocumenter
  File "/databricks/python/lib/python3.10/site-packages/botocore/docs/client.py", line 14, in <module>
    from botocore.docs.example import ResponseExampleDocumenter
  File "/databricks/python/lib/python3.10/site-packages/botocore/docs/example.py", line 13, in <module>
    from botocore.docs.shape import ShapeDocumenter
  File "/databricks/python/lib/python3.10/site-packages/botocore/docs/shape.py", line 19, in <module>
    from botocore.utils import is_json_value_header
  File "/databricks/python/lib/python3.10/site-packages/botocore/utils.py", line 34, in <module>
    import botocore.httpsession
  File "/databricks/python/lib/python3.10/site-packages/botocore/httpsession.py", line 22, in <module>
    from urllib3.util.ssl_ import (
ImportError: cannot import name 'DEFAULT_CIPHERS' from 'urllib3.util.ssl_' (/local_disk0/.ephemeral_nfs/envs/pythonEnv-2e147e00-dfc1-454e-8cba-edd6d88a7c19/lib/python3.10/site-packages/urllib3/util/ssl_.py)

The above exception was the direct cause of the following exception:

Traceback (most recent call last):
  File "/local_disk0/.ephemeral_nfs/envs/pythonEnv-2e147e00-dfc1-454e-8cba-edd6d88a7c19/lib/python3.10/site-packages/transformers/utils/import_utils.py", line 1472, in _get_module
    return importlib.import_module("." + module_name, self.__name__)
  File "/usr/lib/python3.10/importlib/__init__.py", line 126, in import_module
    return _bootstrap._gcd_import(name[level:], package, level)
  File "<frozen importlib._bootstrap>", line 1050, in _gcd_import
  File "<frozen importlib._bootstrap>", line 1027, in _find_and_load
  File "<frozen importlib._bootstrap>", line 1006, in _find_and_load_unlocked
  File "<frozen importlib._bootstrap>", line 688, in _load_unlocked
  File "<frozen importlib._bootstrap_external>", line 883, in exec_module
  File "<frozen importlib._bootstrap>", line 241, in _call_with_frames_removed
  File "/local_disk0/.ephemeral_nfs/envs/pythonEnv-2e147e00-dfc1-454e-8cba-edd6d88a7c19/lib/python3.10/site-packages/transformers/models/whisper/modeling_whisper.py", line 36, in <module>
    from ...modeling_utils import PreTrainedModel
  File "/local_disk0/.ephemeral_nfs/envs/pythonEnv-2e147e00-dfc1-454e-8cba-edd6d88a7c19/lib/python3.10/site-packages/transformers/modeling_utils.py", line 44, in <module>
    from .generation import GenerationConfig, GenerationMixin
  File "<frozen importlib._bootstrap>", line 1075, in _handle_fromlist
  File "/local_disk0/.ephemeral_nfs/envs/pythonEnv-2e147e00-dfc1-454e-8cba-edd6d88a7c19/lib/python3.10/site-packages/transformers/utils/import_utils.py", line 1462, in __getattr__
    module = self._get_module(self._class_to_module[name])
  File "/local_disk0/.ephemeral_nfs/envs/pythonEnv-2e147e00-dfc1-454e-8cba-edd6d88a7c19/lib/python3.10/site-packages/transformers/utils/import_utils.py", line 1474, in _get_module
    raise RuntimeError(
RuntimeError: Failed to import transformers.generation.utils because of the following error (look up to see its traceback):
cannot import name 'DEFAULT_CIPHERS' from 'urllib3.util.ssl_' (/local_disk0/.ephemeral_nfs/envs/pythonEnv-2e147e00-dfc1-454e-8cba-edd6d88a7c19/lib/python3.10/site-packages/urllib3/util/ssl_.py)

The above exception was the direct cause of the following exception:

Traceback (most recent call last):
  File "/usr/lib/python3.10/runpy.py", line 196, in _run_module_as_main
    return _run_code(code, main_globals, None,
  File "/usr/lib/python3.10/runpy.py", line 86, in _run_code
    exec(code, run_globals)
  File "/dbfs/FileStore/MuseTalk/scripts/inference.py", line 14, in <module>
    from transformers import WhisperModel
  File "<frozen importlib._bootstrap>", line 1075, in _handle_fromlist
  File "/local_disk0/.ephemeral_nfs/envs/pythonEnv-2e147e00-dfc1-454e-8cba-edd6d88a7c19/lib/python3.10/site-packages/transformers/utils/import_utils.py", line 1463, in __getattr__
    value = getattr(module, name)
  File "/local_disk0/.ephemeral_nfs/envs/pythonEnv-2e147e00-dfc1-454e-8cba-edd6d88a7c19/lib/python3.10/site-packages/transformers/utils/import_utils.py", line 1462, in __getattr__
    module = self._get_module(self._class_to_module[name])
  File "/local_disk0/.ephemeral_nfs/envs/pythonEnv-2e147e00-dfc1-454e-8cba-edd6d88a7c19/lib/python3.10/site-packages/transformers/utils/import_utils.py", line 1474, in _get_module
    raise RuntimeError(
RuntimeError: Failed to import transformers.models.whisper.modeling_whisper because of the following error (look up to see its traceback):
Failed to import transformers.generation.utils because of the following error (look up to see its traceback):
cannot import name 'DEFAULT_CIPHERS' from 'urllib3.util.ssl_' (/local_disk0/.ephemeral_nfs/envs/pythonEnv-2e147e00-dfc1-454e-8cba-edd6d88a7c19/lib/python3.10/site-packages/urllib3/util/ssl_.py)


============================================================
✅ Processing complete!
Check output at: /Volumes/lab37_catalog/ifstrolley/trolley/results/
============================================================
