ðŸ” CHECKING FILES FIRST...
Model: True
Inference.py: True
ðŸ“¦ INSTALLING...
  error: subprocess-exited-with-error
  
  Ã— pip subprocess to install build dependencies did not run successfully.
  â”‚ exit code: 1
  â•°â”€> [858 lines of output]
      Ignoring numpy: markers 'python_version == "3.6" and platform_machine != "aarch64" and platform_machine != "arm64"' don't match your environment
      Ignoring numpy: markers 'python_version >= "3.6" and sys_platform == "linux" and platform_machine == "aarch64"' don't match your environment
      Ignoring numpy: markers 'python_version >= "3.6" and sys_platform == "darwin" and platform_machine == "arm64"' don't match your environment
      Ignoring numpy: markers 'python_version == "3.7" and platform_machine != "aarch64" and platform_machine != "arm64"' don't match your environment
      Ignoring numpy: markers 'python_version == "3.8" and platform_machine != "aarch64" and platform_machine != "arm64"' don't match your environment
      Collecting setuptools
        Downloading setuptools-80.10.2-py3-none-any.whl (1.1 MB)
           â”â”â”â”â”â”â”â”â”â”â”â”â”â”â”â”â”â”â”â”â”â”â”â”â”â”â”â”â”â”â”â”â”â”â”â”â”â”â”â” 1.1/1.1 MB 23.2 MB/s eta 0:00:00
      Collecting wheel
        Downloading wheel-0.46.3-py3-none-any.whl (30 kB)
      Collecting scikit-build
        Downloading scikit_build-0.18.1-py3-none-any.whl (85 kB)
           â”â”â”â”â”â”â”â”â”â”â”â”â”â”â”â”â”â”â”â”â”â”â”â”â”â”â”â”â”â”â”â”â”â”â”â”â”â”â”â” 85.6/85.6 kB 12.8 MB/s eta 0:00:00
      Collecting cmake
        Downloading cmake-4.2.1-py3-none-manylinux2014_x86_64.manylinux_2_17_x86_64.whl (28.9 MB)
           â”â”â”â”â”â”â”â”â”â”â”â”â”â”â”â”â”â”â”â”â”â”â”â”â”â”â”â”â”â”â”â”â”â”â”â”â”â”â”â” 28.9/28.9 MB 18.0 MB/s eta 0:00:00
      Collecting pip
        Downloading pip-26.0-py3-none-any.whl (1.8 MB)
           â”â”â”â”â”â”â”â”â”â”â”â”â”â”â”â”â”â”â”â”â”â”â”â”â”â”â”â”â”â”â”â”â”â”â”â”ï¿½ï¿½â”â”â” 1.8/1.8 MB 73.2 MB/s eta 0:00:00
      Collecting numpy==1.19.3
        Downloading numpy-1.19.3.zip (7.3 MB)
           â”â”â”â”â”â”â”â”â”â”â”â”â”â”â”â”â”â”â”â”â”â”â”â”â”â”â”â”â”â”â”â”â”â”â”â”â”â”â”â” 7.3/7.3 MB 53.1 MB/s eta 0:00:00
        Installing build dependencies: started
        Installing build dependencies: finished with status 'done'
        Getting requirements to build wheel: started
        Getting requirements to build wheel: finished with status 'done'
        Preparing metadata (pyproject.toml): started
        Preparing metadata (pyproject.toml): finished with status 'done'
      Collecting packaging>=24.0
        Downloading packaging-26.0-py3-none-any.whl (74 kB)
           â”â”â”â”â”â”â”â”â”â”â”â”â”â”â”â”â”â”â”â”â”â”â”â”â”â”â”â”â”â”â”â”â”â”â”â”â”â”â”â” 74.4/74.4 kB 11.3 MB/s eta 0:00:00
      Collecting distro
        Downloading distro-1.9.0-py3-none-any.whl (20 kB)
      Collecting tomli
        Downloading tomli-2.4.0-py3-none-any.whl (14 kB)
      Building wheels for collected packages: numpy
        Building wheel for numpy (pyproject.toml): started
        Building wheel for numpy (pyproject.toml): finished with status 'error'
        error: subprocess-exited-with-error
      
        Ã— Building wheel for numpy (pyproject.toml) did not run successfully.
        â”‚ exit code: 1
        â•°â”€> [806 lines of output]
            <string>:67: RuntimeWarning: NumPy 1.19.3 may not yet support Python 3.10.
            Running from numpy source directory.
            /tmp/pip-install-1j47j1ic/numpy_3000fe38260a4eea938903f18ce03b7d/tools/cythonize.py:73: DeprecationWarning: distutils Version classes are deprecated. Use packaging.version instead.
              required_version = LooseVersion('0.29.21')
            /tmp/pip-install-1j47j1ic/numpy_3000fe38260a4eea938903f18ce03b7d/tools/cythonize.py:75: DeprecationWarning: distutils Version classes are deprecated. Use packaging.version instead.
              if LooseVersion(cython_version) < required_version:
            numpy/random/_bounded_integers.pxd.in has not changed
            numpy/random/bit_generator.pyx has not changed
            numpy/random/_generator.pyx has not changed
            numpy/random/_philox.pyx has not changed
            Processing numpy/random/_bounded_integers.pyx
            numpy/random/mtrand.pyx has not changed
            numpy/random/_pcg64.pyx has not changed
            numpy/random/_common.pyx has not changed
            numpy/random/_sfc64.pyx has not changed
            numpy/random/_bounded_integers.pyx.in has not changed
            numpy/random/_mt19937.pyx has not changed
            Cythonizing sources
            blas_opt_info:
            blas_mkl_info:
            customize UnixCCompiler
              libraries mkl_rt not found in ['/local_disk0/.ephemeral_nfs/envs/pythonEnv-b88c44e8-f5ed-4248-9cf1-9c322e0389d0/lib', '/usr/local/lib', '/usr/lib64', '/usr/lib', '/usr/lib/x86_64-linux-gnu']
              NOT AVAILABLE
      
            blis_info:
              libraries blis not found in ['/local_disk0/.ephemeral_nfs/envs/pythonEnv-b88c44e8-f5ed-4248-9cf1-9c322e0389d0/lib', '/usr/local/lib', '/usr/lib64', '/usr/lib', '/usr/lib/x86_64-linux-gnu']
              NOT AVAILABLE
      
            openblas_info:
            C compiler: x86_64-linux-gnu-gcc -Wno-unused-result -Wsign-compare -DNDEBUG -g -fwrapv -O2 -Wall -g -fstack-protector-strong -Wformat -Werror=format-security -g -fwrapv -O2 -fPIC
      
            creating /tmp/tmpuu8s4wf5/tmp
            creating /tmp/tmpuu8s4wf5/tmp/tmpuu8s4wf5
            compile options: '-c'
            x86_64-linux-gnu-gcc: /tmp/tmpuu8s4wf5/source.c
            x86_64-linux-gnu-gcc /tmp/tmpuu8s4wf5/tmp/tmpuu8s4wf5/source.o -L/usr/lib/x86_64-linux-gnu -lopenblas -o /tmp/tmpuu8s4wf5/a.out
              FOUND:
                libraries = ['openblas', 'openblas']
                library_dirs = ['/usr/lib/x86_64-linux-gnu']
                language = c
                define_macros = [('HAVE_CBLAS', None)]
      
              FOUND:
                libraries = ['openblas', 'openblas']
                library_dirs = ['/usr/lib/x86_64-linux-gnu']
                language = c
                define_macros = [('HAVE_CBLAS', None)]
      
            non-existing path in 'numpy/distutils': 'site.cfg'
            lapack_opt_info:
            lapack_mkl_info:
              libraries mkl_rt not found in ['/local_disk0/.ephemeral_nfs/envs/pythonEnv-b88c44e8-f5ed-4248-9cf1-9c322e0389d0/lib', '/usr/local/lib', '/usr/lib64', '/usr/lib', '/usr/lib/x86_64-linux-gnu']
              NOT AVAILABLE
      
            openblas_lapack_info:
            C compiler: x86_64-linux-gnu-gcc -Wno-unused-result -Wsign-compare -DNDEBUG -g -fwrapv -O2 -Wall -g -fstack-protector-strong -Wformat -Werror=format-security -g -fwrapv -O2 -fPIC
      
            creating /tmp/tmpve6o4r9v/tmp
            creating /tmp/tmpve6o4r9v/tmp/tmpve6o4r9v
            compile options: '-c'
            x86_64-linux-gnu-gcc: /tmp/tmpve6o4r9v/source.c
            x86_64-linux-gnu-gcc /tmp/tmpve6o4r9v/tmp/tmpve6o4r9v/source.o -L/usr/lib/x86_64-linux-gnu -lopenblas -o /tmp/tmpve6o4r9v/a.out
              FOUND:
                libraries = ['openblas', 'openblas']
                library_dirs = ['/usr/lib/x86_64-linux-gnu']
                language = c
                define_macros = [('HAVE_CBLAS', None)]
      
              FOUND:
                libraries = ['openblas', 'openblas']
                library_dirs = ['/usr/lib/x86_64-linux-gnu']
                language = c
                define_macros = [('HAVE_CBLAS', None)]
      
            /databricks/python/lib/python3.10/site-packages/setuptools/_distutils/dist.py:265: UserWarning: Unknown distribution option: 'define_macros'
              warnings.warn(msg)
            running bdist_wheel
            running build
            running config_cc
            unifing config_cc, config, build_clib, build_ext, build commands --compiler options
            running config_fc
            unifing config_fc, config, build_clib, build_ext, build commands --fcompiler options
            running build_src
            build_src
            building py_modules sources
            building library "npymath" sources
              adding 'build/src.linux-x86_64-3.10/numpy/core/src/npymath' to include_dirs.
            None - nothing done with h_files = ['build/src.linux-x86_64-3.10/numpy/core/src/npymath/npy_math_internal.h']
            building library "npysort" sources
              adding 'build/src.linux-x86_64-3.10/numpy/core/src/common' to include_dirs.
            None - nothing done with h_files = ['build/src.linux-x86_64-3.10/numpy/core/src/common/npy_sort.h', 'build/src.linux-x86_64-3.10/numpy/core/src/common/npy_partition.h', 'build/src.linux-x86_64-3.10/numpy/core/src/common/npy_binsearch.h']
            building library "npyrandom" sources
            building extension "numpy.core._multiarray_tests" sources
            building extension "numpy.core._multiarray_umath" sources
              adding 'build/src.linux-x86_64-3.10/numpy/core/src/umath' to include_dirs.
              adding 'build/src.linux-x86_64-3.10/numpy/core/src/npymath' to include_dirs.
              adding 'build/src.linux-x86_64-3.10/numpy/core/src/common' to include_dirs.
            numpy.core - nothing done with h_files = ['build/src.linux-x86_64-3.10/numpy/core/src/umath/funcs.inc', 'build/src.linux-x86_64-3.10/numpy/core/src/umath/simd.inc', 'build/src.linux-x86_64-3.10/numpy/core/src/umath/loops.h', 'build/src.linux-x86_64-3.10/numpy/core/src/umath/matmul.h', 'build/src.linux-x86_64-3.10/numpy/core/src/umath/clip.h', 'build/src.linux-x86_64-3.10/numpy/core/src/npymath/npy_math_internal.h', 'build/src.linux-x86_64-3.10/numpy/core/src/common/templ_common.h', 'build/src.linux-x86_64-3.10/numpy/core/include/numpy/config.h', 'build/src.linux-x86_64-3.10/numpy/core/include/numpy/_numpyconfig.h', 'build/src.linux-x86_64-3.10/numpy/core/include/numpy/__multiarray_api.h', 'build/src.linux-x86_64-3.10/numpy/core/include/numpy/__ufunc_api.h']
            building extension "numpy.core._umath_tests" sources
            building extension "numpy.core._rational_tests" sources
            building extension "numpy.core._struct_ufunc_tests" sources
            building extension "numpy.core._operand_flag_tests" sources
            building extension "numpy.fft._pocketfft_internal" sources
            building extension "numpy.linalg.lapack_lite" sources
            building extension "numpy.linalg._umath_linalg" sources
            building extension "numpy.random._mt19937" sources
            building extension "numpy.random._philox" sources
            building extension "numpy.random._pcg64" sources
            building extension "numpy.random._sfc64" sources
            building extension "numpy.random._common" sources
            building extension "numpy.random.bit_generator" sources
            building extension "numpy.random._generator" sources
            building extension "numpy.random._bounded_integers" sources
            building extension "numpy.random.mtrand" sources
            building data_files sources
            build_src: building npy-pkg config files
            running build_py
            creating build/lib.linux-x86_64-cpython-310
            creating build/lib.linux-x86_64-cpython-310/numpy
            copying numpy/_distributor_init.py -> build/lib.linux-x86_64-cpython-310/numpy
            copying numpy/dual.py -> build/lib.linux-x86_64-cpython-310/numpy
            copying numpy/ctypeslib.py -> build/lib.linux-x86_64-cpython-310/numpy
            copying numpy/setup.py -> build/lib.linux-x86_64-cpython-310/numpy
            copying numpy/version.py -> build/lib.linux-x86_64-cpython-310/numpy
            copying numpy/_globals.py -> build/lib.linux-x86_64-cpython-310/numpy
            copying numpy/conftest.py -> build/lib.linux-x86_64-cpython-310/numpy
            copying numpy/matlib.py -> build/lib.linux-x86_64-cpython-310/numpy
            copying numpy/__init__.py -> build/lib.linux-x86_64-cpython-310/numpy
            copying numpy/_pytesttester.py -> build/lib.linux-x86_64-cpython-310/numpy
            copying build/src.linux-x86_64-3.10/numpy/__config__.py -> build/lib.linux-x86_64-cpython-310/numpy
            creating build/lib.linux-x86_64-cpython-310/numpy/compat
            copying numpy/compat/_inspect.py -> build/lib.linux-x86_64-cpython-310/numpy/compat
            copying numpy/compat/setup.py -> build/lib.linux-x86_64-cpython-310/numpy/compat
            copying numpy/compat/py3k.py -> build/lib.linux-x86_64-cpython-310/numpy/compat
            copying numpy/compat/__init__.py -> build/lib.linux-x86_64-cpython-310/numpy/compat
            creating build/lib.linux-x86_64-cpython-310/numpy/compat/tests
            copying numpy/compat/tests/test_compat.py -> build/lib.linux-x86_64-cpython-310/numpy/compat/tests
            copying numpy/compat/tests/__init__.py -> build/lib.linux-x86_64-cpython-310/numpy/compat/tests
            creating build/lib.linux-x86_64-cpython-310/numpy/core
            copying numpy/core/numeric.py -> build/lib.linux-x86_64-cpython-310/numpy/core
            copying numpy/core/_add_newdocs.py -> build/lib.linux-x86_64-cpython-310/numpy/core
            copying numpy/core/records.py -> build/lib.linux-x86_64-cpython-310/numpy/core
            copying numpy/core/memmap.py -> build/lib.linux-x86_64-cpython-310/numpy/core
            copying numpy/core/overrides.py -> build/lib.linux-x86_64-cpython-310/numpy/core
            copying numpy/core/setup_common.py -> build/lib.linux-x86_64-cpython-310/numpy/core
            copying numpy/core/setup.py -> build/lib.linux-x86_64-cpython-310/numpy/core
            copying numpy/core/fromnumeric.py -> build/lib.linux-x86_64-cpython-310/numpy/core
            copying numpy/core/_asarray.py -> build/lib.linux-x86_64-cpython-310/numpy/core
            copying numpy/core/_dtype.py -> build/lib.linux-x86_64-cpython-310/numpy/core
            copying numpy/core/arrayprint.py -> build/lib.linux-x86_64-cpython-310/numpy/core
            copying numpy/core/_dtype_ctypes.py -> build/lib.linux-x86_64-cpython-310/numpy/core
            copying numpy/core/_internal.py -> build/lib.linux-x86_64-cpython-310/numpy/core
            copying numpy/core/machar.py -> build/lib.linux-x86_64-cpython-310/numpy/core
            copying numpy/core/_ufunc_config.py -> build/lib.linux-x86_64-cpython-310/numpy/core
            copying numpy/core/cversions.py -> build/lib.linux-x86_64-cpython-310/numpy/core
            copying numpy/core/multiarray.py -> build/lib.linux-x86_64-cpython-310/numpy/core
            copying numpy/core/shape_base.py -> build/lib.linux-x86_64-cpython-310/numpy/core
            copying numpy/core/umath.py -> build/lib.linux-x86_64-cpython-310/numpy/core
            copying numpy/core/_methods.py -> build/lib.linux-x86_64-cpython-310/numpy/core
            copying numpy/core/numerictypes.py -> build/lib.linux-x86_64-cpython-310/numpy/core
            copying numpy/core/_type_aliases.py -> build/lib.linux-x86_64-cpython-310/numpy/core
            copying numpy/core/umath_tests.py -> build/lib.linux-x86_64-cpython-310/numpy/core
            copying numpy/core/_string_helpers.py -> build/lib.linux-x86_64-cpython-310/numpy/core
            copying numpy/core/getlimits.py -> build/lib.linux-x86_64-cpython-310/numpy/core
            copying numpy/core/einsumfunc.py -> build/lib.linux-x86_64-cpython-310/numpy/core
            copying numpy/core/defchararray.py -> build/lib.linux-x86_64-cpython-310/numpy/core
            copying numpy/core/__init__.py -> build/lib.linux-x86_64-cpython-310/numpy/core
            copying numpy/core/function_base.py -> build/lib.linux-x86_64-cpython-310/numpy/core
            copying numpy/core/_exceptions.py -> build/lib.linux-x86_64-cpython-310/numpy/core
            copying numpy/core/code_generators/generate_numpy_api.py -> build/lib.linux-x86_64-cpython-310/numpy/core
            creating build/lib.linux-x86_64-cpython-310/numpy/core/tests
            copying numpy/core/tests/test_indexing.py -> build/lib.linux-x86_64-cpython-310/numpy/core/tests
            copying numpy/core/tests/test_longdouble.py -> build/lib.linux-x86_64-cpython-310/numpy/core/tests
            copying numpy/core/tests/test_print.py -> build/lib.linux-x86_64-cpython-310/numpy/core/tests
            copying numpy/core/tests/test_scalarinherit.py -> build/lib.linux-x86_64-cpython-310/numpy/core/tests
            copying numpy/core/tests/test_half.py -> build/lib.linux-x86_64-cpython-310/numpy/core/tests
            copying numpy/core/tests/test_mem_overlap.py -> build/lib.linux-x86_64-cpython-310/numpy/core/tests
            copying numpy/core/tests/test_shape_base.py -> build/lib.linux-x86_64-cpython-310/numpy/core/tests
            copying numpy/core/tests/test_scalarmath.py -> build/lib.linux-x86_64-cpython-310/numpy/core/tests
            copying numpy/core/tests/test_umath.py -> build/lib.linux-x86_64-cpython-310/numpy/core/tests
            copying numpy/core/tests/test_overrides.py -> build/lib.linux-x86_64-cpython-310/numpy/core/tests
            copying numpy/core/tests/_locales.py -> build/lib.linux-x86_64-cpython-310/numpy/core/tests
            copying numpy/core/tests/test_abc.py -> build/lib.linux-x86_64-cpython-310/numpy/core/tests
            copying numpy/core/tests/test_ufunc.py -> build/lib.linux-x86_64-cpython-310/numpy/core/tests
            copying numpy/core/tests/test_scalar_methods.py -> build/lib.linux-x86_64-cpython-310/numpy/core/tests
            copying numpy/core/tests/test_umath_complex.py -> build/lib.linux-x86_64-cpython-310/numpy/core/tests
            copying numpy/core/tests/test_scalarprint.py -> build/lib.linux-x86_64-cpython-310/numpy/core/tests
            copying numpy/core/tests/test_nditer.py -> build/lib.linux-x86_64-cpython-310/numpy/core/tests
            copying numpy/core/tests/test_unicode.py -> build/lib.linux-x86_64-cpython-310/numpy/core/tests
            copying numpy/core/tests/test_defchararray.py -> build/lib.linux-x86_64-cpython-310/numpy/core/tests
            copying numpy/core/tests/test_umath_accuracy.py -> build/lib.linux-x86_64-cpython-310/numpy/core/tests
            copying numpy/core/tests/test_function_base.py -> build/lib.linux-x86_64-cpython-310/numpy/core/tests
            copying numpy/core/tests/test_errstate.py -> build/lib.linux-x86_64-cpython-310/numpy/core/tests
            copying numpy/core/tests/test_dtype.py -> build/lib.linux-x86_64-cpython-310/numpy/core/tests
            copying numpy/core/tests/test_scalarbuffer.py -> build/lib.linux-x86_64-cpython-310/numpy/core/tests
            copying numpy/core/tests/test_api.py -> build/lib.linux-x86_64-cpython-310/numpy/core/tests
            copying numpy/core/tests/test_scalar_ctors.py -> build/lib.linux-x86_64-cpython-310/numpy/core/tests
            copying numpy/core/tests/test_cpu_features.py -> build/lib.linux-x86_64-cpython-310/numpy/core/tests
            copying numpy/core/tests/test_protocols.py -> build/lib.linux-x86_64-cpython-310/numpy/core/tests
            copying numpy/core/tests/test_records.py -> build/lib.linux-x86_64-cpython-310/numpy/core/tests
            copying numpy/core/tests/test_arrayprint.py -> build/lib.linux-x86_64-cpython-310/numpy/core/tests
            copying numpy/core/tests/test_multiarray.py -> build/lib.linux-x86_64-cpython-310/numpy/core/tests
            copying numpy/core/tests/test_getlimits.py -> build/lib.linux-x86_64-cpython-310/numpy/core/tests
            copying numpy/core/tests/test_conversion_utils.py -> build/lib.linux-x86_64-cpython-310/numpy/core/tests
            copying numpy/core/tests/test_item_selection.py -> build/lib.linux-x86_64-cpython-310/numpy/core/tests
            copying numpy/core/tests/test_regression.py -> build/lib.linux-x86_64-cpython-310/numpy/core/tests
            copying numpy/core/tests/test_numerictypes.py -> build/lib.linux-x86_64-cpython-310/numpy/core/tests
            copying numpy/core/tests/test_machar.py -> build/lib.linux-x86_64-cpython-310/numpy/core/tests
            copying numpy/core/tests/test_extint128.py -> build/lib.linux-x86_64-cpython-310/numpy/core/tests
            copying numpy/core/tests/test_datetime.py -> build/lib.linux-x86_64-cpython-310/numpy/core/tests
            copying numpy/core/tests/__init__.py -> build/lib.linux-x86_64-cpython-310/numpy/core/tests
            copying numpy/core/tests/test_indexerrors.py -> build/lib.linux-x86_64-cpython-310/numpy/core/tests
            copying numpy/core/tests/test_deprecations.py -> build/lib.linux-x86_64-cpython-310/numpy/core/tests
            copying numpy/core/tests/test__exceptions.py -> build/lib.linux-x86_64-cpython-310/numpy/core/tests
            copying numpy/core/tests/test_numeric.py -> build/lib.linux-x86_64-cpython-310/numpy/core/tests
            copying numpy/core/tests/test_einsum.py -> build/lib.linux-x86_64-cpython-310/numpy/core/tests
            copying numpy/core/tests/test_memmap.py -> build/lib.linux-x86_64-cpython-310/numpy/core/tests
            creating build/lib.linux-x86_64-cpython-310/numpy/distutils
            copying numpy/distutils/line_endings.py -> build/lib.linux-x86_64-cpython-310/numpy/distutils
            copying numpy/distutils/system_info.py -> build/lib.linux-x86_64-cpython-310/numpy/distutils
            copying numpy/distutils/setup.py -> build/lib.linux-x86_64-cpython-310/numpy/distutils
            copying numpy/distutils/exec_command.py -> build/lib.linux-x86_64-cpython-310/numpy/distutils
            copying numpy/distutils/from_template.py -> build/lib.linux-x86_64-cpython-310/numpy/distutils
            copying numpy/distutils/cpuinfo.py -> build/lib.linux-x86_64-cpython-310/numpy/distutils
            copying numpy/distutils/ccompiler.py -> build/lib.linux-x86_64-cpython-310/numpy/distutils
            copying numpy/distutils/msvccompiler.py -> build/lib.linux-x86_64-cpython-310/numpy/distutils
            copying numpy/distutils/numpy_distribution.py -> build/lib.linux-x86_64-cpython-310/numpy/distutils
            copying numpy/distutils/intelccompiler.py -> build/lib.linux-x86_64-cpython-310/numpy/distutils
            copying numpy/distutils/log.py -> build/lib.linux-x86_64-cpython-310/numpy/distutils
            copying numpy/distutils/unixccompiler.py -> build/lib.linux-x86_64-cpython-310/numpy/distutils
            copying numpy/distutils/npy_pkg_config.py -> build/lib.linux-x86_64-cpython-310/numpy/distutils
            copying numpy/distutils/mingw32ccompiler.py -> build/lib.linux-x86_64-cpython-310/numpy/distutils
            copying numpy/distutils/lib2def.py -> build/lib.linux-x86_64-cpython-310/numpy/distutils
            copying numpy/distutils/msvc9compiler.py -> build/lib.linux-x86_64-cpython-310/numpy/distutils
            copying numpy/distutils/core.py -> build/lib.linux-x86_64-cpython-310/numpy/distutils
            copying numpy/distutils/conv_template.py -> build/lib.linux-x86_64-cpython-310/numpy/distutils
            copying numpy/distutils/_shell_utils.py -> build/lib.linux-x86_64-cpython-310/numpy/distutils
            copying numpy/distutils/pathccompiler.py -> build/lib.linux-x86_64-cpython-310/numpy/distutils
            copying numpy/distutils/misc_util.py -> build/lib.linux-x86_64-cpython-310/numpy/distutils
            copying numpy/distutils/extension.py -> build/lib.linux-x86_64-cpython-310/numpy/distutils
            copying numpy/distutils/__init__.py -> build/lib.linux-x86_64-cpython-310/numpy/distutils
            copying build/src.linux-x86_64-3.10/numpy/distutils/__config__.py -> build/lib.linux-x86_64-cpython-310/numpy/distutils
            creating build/lib.linux-x86_64-cpython-310/numpy/distutils/command
            copying numpy/distutils/command/config.py -> build/lib.linux-x86_64-cpython-310/numpy/distutils/command
            copying numpy/distutils/command/egg_info.py -> build/lib.linux-x86_64-cpython-310/numpy/distutils/command
            copying numpy/distutils/command/build.py -> build/lib.linux-x86_64-cpython-310/numpy/distutils/command
            copying numpy/distutils/command/bdist_rpm.py -> build/lib.linux-x86_64-cpython-310/numpy/distutils/command
            copying numpy/distutils/command/build_src.py -> build/lib.linux-x86_64-cpython-310/numpy/distutils/command
            copying numpy/distutils/command/install_data.py -> build/lib.linux-x86_64-cpython-310/numpy/distutils/command
            copying numpy/distutils/command/install_clib.py -> build/lib.linux-x86_64-cpython-310/numpy/distutils/command
            copying numpy/distutils/command/sdist.py -> build/lib.linux-x86_64-cpython-310/numpy/distutils/command
            copying numpy/distutils/command/config_compiler.py -> build/lib.linux-x86_64-cpython-310/numpy/distutils/command
            copying numpy/distutils/command/develop.py -> build/lib.linux-x86_64-cpython-310/numpy/distutils/command
            copying numpy/distutils/command/build_scripts.py -> build/lib.linux-x86_64-cpython-310/numpy/distutils/command
            copying numpy/distutils/command/install.py -> build/lib.linux-x86_64-cpython-310/numpy/distutils/command
            copying numpy/distutils/command/build_clib.py -> build

*** WARNING: max output size exceeded, skipping output. ***

 -Wall -g -fstack-protector-strong -Wformat -Werror=format-security -g -fwrapv -O2 -fPIC
      
            creating build/temp.linux-x86_64-cpython-310/build/src.linux-x86_64-3.10/numpy/core/src/npysort
            compile options: '-Ibuild/src.linux-x86_64-3.10/numpy/core/src/common -Inumpy/core/include -Ibuild/src.linux-x86_64-3.10/numpy/core/include/numpy -Inumpy/core/src/common -Inumpy/core/src -Inumpy/core -Inumpy/core/src/npymath -Inumpy/core/src/multiarray -Inumpy/core/src/umath -Inumpy/core/src/npysort -I/local_disk0/.ephemeral_nfs/envs/pythonEnv-b88c44e8-f5ed-4248-9cf1-9c322e0389d0/include -I/usr/include/python3.10 -Ibuild/src.linux-x86_64-3.10/numpy/core/src/common -Ibuild/src.linux-x86_64-3.10/numpy/core/src/npymath -c'
            extra options: '-std=c99'
            x86_64-linux-gnu-gcc: build/src.linux-x86_64-3.10/numpy/core/src/npysort/quicksort.c
            x86_64-linux-gnu-gcc: build/src.linux-x86_64-3.10/numpy/core/src/npysort/mergesort.c
            x86_64-linux-gnu-gcc: build/src.linux-x86_64-3.10/numpy/core/src/npysort/heapsort.c
            x86_64-linux-gnu-gcc: build/src.linux-x86_64-3.10/numpy/core/src/npysort/timsort.c
            x86_64-linux-gnu-gcc: build/src.linux-x86_64-3.10/numpy/core/src/npysort/radixsort.c
            x86_64-linux-gnu-gcc: build/src.linux-x86_64-3.10/numpy/core/src/npysort/selection.c
            x86_64-linux-gnu-gcc: build/src.linux-x86_64-3.10/numpy/core/src/npysort/binsearch.c
            x86_64-linux-gnu-gcc-ar: adding 7 object files to build/temp.linux-x86_64-cpython-310/libnpysort.a
            building 'npyrandom' library
            compiling C sources
            C compiler: x86_64-linux-gnu-gcc -Wno-unused-result -Wsign-compare -DNDEBUG -g -fwrapv -O2 -Wall -g -fstack-protector-strong -Wformat -Werror=format-security -g -fwrapv -O2 -fPIC
      
            creating build/temp.linux-x86_64-cpython-310/numpy/random
            creating build/temp.linux-x86_64-cpython-310/numpy/random/src
            creating build/temp.linux-x86_64-cpython-310/numpy/random/src/distributions
            compile options: '-Inumpy/core/include -Ibuild/src.linux-x86_64-3.10/numpy/core/include/numpy -Inumpy/core/src/common -Inumpy/core/src -Inumpy/core -Inumpy/core/src/npymath -Inumpy/core/src/multiarray -Inumpy/core/src/umath -Inumpy/core/src/npysort -I/local_disk0/.ephemeral_nfs/envs/pythonEnv-b88c44e8-f5ed-4248-9cf1-9c322e0389d0/include -I/usr/include/python3.10 -Ibuild/src.linux-x86_64-3.10/numpy/core/src/common -Ibuild/src.linux-x86_64-3.10/numpy/core/src/npymath -c'
            extra options: '-std=c99'
            x86_64-linux-gnu-gcc: numpy/random/src/distributions/logfactorial.c
            x86_64-linux-gnu-gcc: numpy/random/src/distributions/distributions.c
            x86_64-linux-gnu-gcc: numpy/random/src/distributions/random_mvhg_count.c
            x86_64-linux-gnu-gcc: numpy/random/src/distributions/random_mvhg_marginals.c
            x86_64-linux-gnu-gcc: numpy/random/src/distributions/random_hypergeometric.c
            x86_64-linux-gnu-gcc-ar: adding 5 object files to build/temp.linux-x86_64-cpython-310/libnpyrandom.a
            running build_ext
            customize UnixCCompiler
            customize UnixCCompiler using new_build_ext
            building 'numpy.core._multiarray_tests' extension
            compiling C sources
            C compiler: x86_64-linux-gnu-gcc -Wno-unused-result -Wsign-compare -DNDEBUG -g -fwrapv -O2 -Wall -g -fstack-protector-strong -Wformat -Werror=format-security -g -fwrapv -O2 -fPIC
      
            creating build/temp.linux-x86_64-cpython-310/build/src.linux-x86_64-3.10/numpy/core/src/multiarray
            creating build/temp.linux-x86_64-cpython-310/numpy/core/src/common
            compile options: '-DNPY_INTERNAL_BUILD=1 -DHAVE_NPY_CONFIG_H=1 -D_FILE_OFFSET_BITS=64 -D_LARGEFILE_SOURCE=1 -D_LARGEFILE64_SOURCE=1 -Inumpy/core/include -Ibuild/src.linux-x86_64-3.10/numpy/core/include/numpy -Inumpy/core/src/common -Inumpy/core/src -Inumpy/core -Inumpy/core/src/npymath -Inumpy/core/src/multiarray -Inumpy/core/src/umath -Inumpy/core/src/npysort -I/local_disk0/.ephemeral_nfs/envs/pythonEnv-b88c44e8-f5ed-4248-9cf1-9c322e0389d0/include -I/usr/include/python3.10 -Ibuild/src.linux-x86_64-3.10/numpy/core/src/common -Ibuild/src.linux-x86_64-3.10/numpy/core/src/npymath -c'
            extra options: '-std=c99'
            x86_64-linux-gnu-gcc: build/src.linux-x86_64-3.10/numpy/core/src/multiarray/_multiarray_tests.c
            x86_64-linux-gnu-gcc: numpy/core/src/common/mem_overlap.c
            x86_64-linux-gnu-gcc -shared -Wl,-O1 -Wl,-Bsymbolic-functions -Wl,-Bsymbolic-functions -g -fwrapv -O2 build/temp.linux-x86_64-cpython-310/build/src.linux-x86_64-3.10/numpy/core/src/multiarray/_multiarray_tests.o build/temp.linux-x86_64-cpython-310/numpy/core/src/common/mem_overlap.o -L/usr/lib/x86_64-linux-gnu -Lbuild/temp.linux-x86_64-cpython-310 -lnpymath -o build/lib.linux-x86_64-cpython-310/numpy/core/_multiarray_tests.cpython-310-x86_64-linux-gnu.so
            building 'numpy.core._multiarray_umath' extension
            compiling C sources
            C compiler: x86_64-linux-gnu-gcc -Wno-unused-result -Wsign-compare -DNDEBUG -g -fwrapv -O2 -Wall -g -fstack-protector-strong -Wformat -Werror=format-security -g -fwrapv -O2 -fPIC
      
            creating build/temp.linux-x86_64-cpython-310/numpy/core/src/multiarray
            creating build/temp.linux-x86_64-cpython-310/numpy/core/src/umath
            creating build/temp.linux-x86_64-cpython-310/build/src.linux-x86_64-3.10/numpy/core/src/umath
            creating build/temp.linux-x86_64-cpython-310/build/src.linux-x86_64-3.10/numpy/core/src/common
            compile options: '-DNPY_INTERNAL_BUILD=1 -DHAVE_NPY_CONFIG_H=1 -D_FILE_OFFSET_BITS=64 -D_LARGEFILE_SOURCE=1 -D_LARGEFILE64_SOURCE=1 -DHAVE_CBLAS -Ibuild/src.linux-x86_64-3.10/numpy/core/src/umath -Ibuild/src.linux-x86_64-3.10/numpy/core/src/npymath -Ibuild/src.linux-x86_64-3.10/numpy/core/src/common -Inumpy/core/include -Ibuild/src.linux-x86_64-3.10/numpy/core/include/numpy -Inumpy/core/src/common -Inumpy/core/src -Inumpy/core -Inumpy/core/src/npymath -Inumpy/core/src/multiarray -Inumpy/core/src/umath -Inumpy/core/src/npysort -I/local_disk0/.ephemeral_nfs/envs/pythonEnv-b88c44e8-f5ed-4248-9cf1-9c322e0389d0/include -I/usr/include/python3.10 -Ibuild/src.linux-x86_64-3.10/numpy/core/src/common -Ibuild/src.linux-x86_64-3.10/numpy/core/src/npymath -c'
            extra options: '-std=c99'
            x86_64-linux-gnu-gcc: numpy/core/src/multiarray/alloc.c
            x86_64-linux-gnu-gcc: numpy/core/src/multiarray/datetime_strings.c
            x86_64-linux-gnu-gcc: numpy/core/src/multiarray/convert.c
            x86_64-linux-gnu-gcc: numpy/core/src/multiarray/arrayfunction_override.c
            x86_64-linux-gnu-gcc: numpy/core/src/multiarray/arrayobject.c
            x86_64-linux-gnu-gcc: numpy/core/src/multiarray/buffer.c
            x86_64-linux-gnu-gcc: numpy/core/src/multiarray/convert_datatype.c
            x86_64-linux-gnu-gcc: numpy/core/src/multiarray/datetime_busday.c
            x86_64-linux-gnu-gcc: numpy/core/src/multiarray/calculation.c
            x86_64-linux-gnu-gcc: numpy/core/src/multiarray/datetime_busdaycal.c
            x86_64-linux-gnu-gcc: build/src.linux-x86_64-3.10/numpy/core/src/multiarray/arraytypes.c
            x86_64-linux-gnu-gcc: numpy/core/src/multiarray/conversion_utils.c
            x86_64-linux-gnu-gcc: numpy/core/src/multiarray/descriptor.c
            x86_64-linux-gnu-gcc: numpy/core/src/multiarray/compiled_base.c
            x86_64-linux-gnu-gcc: numpy/core/src/multiarray/ctors.c
            x86_64-linux-gnu-gcc: numpy/core/src/multiarray/common.c
            x86_64-linux-gnu-gcc: numpy/core/src/multiarray/dragon4.c
            x86_64-linux-gnu-gcc: numpy/core/src/multiarray/dtype_transfer.c
            x86_64-linux-gnu-gcc: numpy/core/src/multiarray/datetime.c
            x86_64-linux-gnu-gcc: numpy/core/src/multiarray/item_selection.c
            x86_64-linux-gnu-gcc: build/src.linux-x86_64-3.10/numpy/core/src/multiarray/einsum.c
            x86_64-linux-gnu-gcc: numpy/core/src/multiarray/multiarraymodule.c
            x86_64-linux-gnu-gcc: numpy/core/src/multiarray/iterators.c
            x86_64-linux-gnu-gcc: build/src.linux-x86_64-3.10/numpy/core/src/multiarray/lowlevel_strided_loops.c
            x86_64-linux-gnu-gcc: build/src.linux-x86_64-3.10/numpy/core/src/multiarray/nditer_templ.c
            x86_64-linux-gnu-gcc: numpy/core/src/multiarray/array_assign_scalar.c
            x86_64-linux-gnu-gcc: numpy/core/src/multiarray/nditer_api.c
            x86_64-linux-gnu-gcc: numpy/core/src/multiarray/array_assign_array.c
            x86_64-linux-gnu-gcc: numpy/core/src/multiarray/number.c
            x86_64-linux-gnu-gcc: numpy/core/src/multiarray/flagsobject.c
            x86_64-linux-gnu-gcc: numpy/core/src/multiarray/nditer_constr.c
            x86_64-linux-gnu-gcc: numpy/core/src/multiarray/getset.c
            x86_64-linux-gnu-gcc: numpy/core/src/multiarray/refcount.c
            x86_64-linux-gnu-gcc: numpy/core/src/multiarray/sequence.c
            x86_64-linux-gnu-gcc: numpy/core/src/multiarray/hashdescr.c
            x86_64-linux-gnu-gcc: numpy/core/src/multiarray/shape.c
            x86_64-linux-gnu-gcc: build/src.linux-x86_64-3.10/numpy/core/src/multiarray/scalartypes.c
            numpy/core/src/multiarray/scalartypes.c.src: In function â€˜float_arrtype_hashâ€™:
            numpy/core/src/multiarray/scalartypes.c.src:2967:27: error: incompatible type for argument 1 of â€˜_Py_HashDoubleâ€™
             2967 |     return _Py_HashDouble((double) PyArrayScalar_VAL(obj, @name@));
            In file included from /usr/include/python3.10/Python.h:77,
                             from numpy/core/src/multiarray/scalartypes.c.src:3:
            /usr/include/python3.10/pyhash.h:10:38: note: expected â€˜PyObject *â€™ {aka â€˜struct _object *â€™} but argument is of type â€˜doubleâ€™
               10 | PyAPI_FUNC(Py_hash_t) _Py_HashDouble(PyObject *, double);
                  |                                      ^~~~~~~~~~
            numpy/core/src/multiarray/scalartypes.c.src:2967:12: error: too few arguments to function â€˜_Py_HashDoubleâ€™
             2967 |     return _Py_HashDouble((double) PyArrayScalar_VAL(obj, @name@));
                  |            ^~~~~~~~~~~~~~
            In file included from /usr/include/python3.10/Python.h:77,
                             from numpy/core/src/multiarray/scalartypes.c.src:3:
            /usr/include/python3.10/pyhash.h:10:23: note: declared here
               10 | PyAPI_FUNC(Py_hash_t) _Py_HashDouble(PyObject *, double);
                  |                       ^~~~~~~~~~~~~~
            numpy/core/src/multiarray/scalartypes.c.src: In function â€˜cfloat_arrtype_hashâ€™:
            numpy/core/src/multiarray/scalartypes.c.src:2975:31: error: incompatible type for argument 1 of â€˜_Py_HashDoubleâ€™
             2975 |     hashreal = _Py_HashDouble((double)
                  |                               ^~~~~~~~
                  |                               |
                  |                               double
             2976 |             PyArrayScalar_VAL(obj, C@name@).real);
                  |             ~~~~~~~~~~~~~~~~~~~~~~~~~~~~~~~~~~~
            In file included from /usr/include/python3.10/Python.h:77,
                             from numpy/core/src/multiarray/scalartypes.c.src:3:
            /usr/include/python3.10/pyhash.h:10:38: note: expected â€˜PyObject *â€™ {aka â€˜struct _object *â€™} but argument is of type â€˜doubleâ€™
               10 | PyAPI_FUNC(Py_hash_t) _Py_HashDouble(PyObject *, double);
                  |                                      ^~~~~~~~~~
            numpy/core/src/multiarray/scalartypes.c.src:2975:16: error: too few arguments to function â€˜_Py_HashDoubleâ€™
             2975 |     hashreal = _Py_HashDouble((double)
                  |                ^~~~~~~~~~~~~~
            In file included from /usr/include/python3.10/Python.h:77,
                             from numpy/core/src/multiarray/scalartypes.c.src:3:
            /usr/include/python3.10/pyhash.h:10:23: note: declared here
               10 | PyAPI_FUNC(Py_hash_t) _Py_HashDouble(PyObject *, double);
                  |                       ^~~~~~~~~~~~~~
            numpy/core/src/multiarray/scalartypes.c.src:2981:31: error: incompatible type for argument 1 of â€˜_Py_HashDoubleâ€™
             2981 |     hashimag = _Py_HashDouble((double)
                  |                               ^~~~~~~~
                  |                               |
                  |                               double
             2982 |             PyArrayScalar_VAL(obj, C@name@).imag);
                  |             ~~~~~~~~~~~~~~~~~~~~~~~~~~~~~~~~~~~
            In file included from /usr/include/python3.10/Python.h:77,
                             from numpy/core/src/multiarray/scalartypes.c.src:3:
            /usr/include/python3.10/pyhash.h:10:38: note: expected â€˜PyObject *â€™ {aka â€˜struct _object *â€™} but argument is of type â€˜doubleâ€™
               10 | PyAPI_FUNC(Py_hash_t) _Py_HashDouble(PyObject *, double);
                  |                                      ^~~~~~~~~~
            numpy/core/src/multiarray/scalartypes.c.src:2981:16: error: too few arguments to function â€˜_Py_HashDoubleâ€™
             2981 |     hashimag = _Py_HashDouble((double)
                  |                ^~~~~~~~~~~~~~
            In file included from /usr/include/python3.10/Python.h:77,
                             from numpy/core/src/multiarray/scalartypes.c.src:3:
            /usr/include/python3.10/pyhash.h:10:23: note: declared here
               10 | PyAPI_FUNC(Py_hash_t) _Py_HashDouble(PyObject *, double);
                  |                       ^~~~~~~~~~~~~~
            numpy/core/src/multiarray/scalartypes.c.src: In function â€˜longdouble_arrtype_hashâ€™:
            numpy/core/src/multiarray/scalartypes.c.src:2967:27: error: incompatible type for argument 1 of â€˜_Py_HashDoubleâ€™
             2967 |     return _Py_HashDouble((double) PyArrayScalar_VAL(obj, @name@));
            In file included from /usr/include/python3.10/Python.h:77,
                             from numpy/core/src/multiarray/scalartypes.c.src:3:
            /usr/include/python3.10/pyhash.h:10:38: note: expected â€˜PyObject *â€™ {aka â€˜struct _object *â€™} but argument is of type â€˜doubleâ€™
               10 | PyAPI_FUNC(Py_hash_t) _Py_HashDouble(PyObject *, double);
                  |                                      ^~~~~~~~~~
            numpy/core/src/multiarray/scalartypes.c.src:2967:12: error: too few arguments to function â€˜_Py_HashDoubleâ€™
             2967 |     return _Py_HashDouble((double) PyArrayScalar_VAL(obj, @name@));
                  |            ^~~~~~~~~~~~~~
            In file included from /usr/include/python3.10/Python.h:77,
                             from numpy/core/src/multiarray/scalartypes.c.src:3:
            /usr/include/python3.10/pyhash.h:10:23: note: declared here
               10 | PyAPI_FUNC(Py_hash_t) _Py_HashDouble(PyObject *, double);
                  |                       ^~~~~~~~~~~~~~
            numpy/core/src/multiarray/scalartypes.c.src: In function â€˜clongdouble_arrtype_hashâ€™:
            numpy/core/src/multiarray/scalartypes.c.src:2975:31: error: incompatible type for argument 1 of â€˜_Py_HashDoubleâ€™
             2975 |     hashreal = _Py_HashDouble((double)
                  |                               ^~~~~~~~
                  |                               |
                  |                               double
             2976 |             PyArrayScalar_VAL(obj, C@name@).real);
                  |             ~~~~~~~~~~~~~~~~~~~~~~~~~~~~~~~~~~~~~~
            In file included from /usr/include/python3.10/Python.h:77,
                             from numpy/core/src/multiarray/scalartypes.c.src:3:
            /usr/include/python3.10/pyhash.h:10:38: note: expected â€˜PyObject *â€™ {aka â€˜struct _object *â€™} but argument is of type â€˜doubleâ€™
               10 | PyAPI_FUNC(Py_hash_t) _Py_HashDouble(PyObject *, double);
                  |                                      ^~~~~~~~~~
            numpy/core/src/multiarray/scalartypes.c.src:2975:16: error: too few arguments to function â€˜_Py_HashDoubleâ€™
             2975 |     hashreal = _Py_HashDouble((double)
                  |                ^~~~~~~~~~~~~~
            In file included from /usr/include/python3.10/Python.h:77,
                             from numpy/core/src/multiarray/scalartypes.c.src:3:
            /usr/include/python3.10/pyhash.h:10:23: note: declared here
               10 | PyAPI_FUNC(Py_hash_t) _Py_HashDouble(PyObject *, double);
                  |                       ^~~~~~~~~~~~~~
            numpy/core/src/multiarray/scalartypes.c.src:2981:31: error: incompatible type for argument 1 of â€˜_Py_HashDoubleâ€™
             2981 |     hashimag = _Py_HashDouble((double)
                  |                               ^~~~~~~~
                  |                               |
                  |                               double
             2982 |             PyArrayScalar_VAL(obj, C@name@).imag);
                  |             ~~~~~~~~~~~~~~~~~~~~~~~~~~~~~~~~~~~~~~
            In file included from /usr/include/python3.10/Python.h:77,
                             from numpy/core/src/multiarray/scalartypes.c.src:3:
            /usr/include/python3.10/pyhash.h:10:38: note: expected â€˜PyObject *â€™ {aka â€˜struct _object *â€™} but argument is of type â€˜doubleâ€™
               10 | PyAPI_FUNC(Py_hash_t) _Py_HashDouble(PyObject *, double);
                  |                                      ^~~~~~~~~~
            numpy/core/src/multiarray/scalartypes.c.src:2981:16: error: too few arguments to function â€˜_Py_HashDoubleâ€™
             2981 |     hashimag = _Py_HashDouble((double)
                  |                ^~~~~~~~~~~~~~
            In file included from /usr/include/python3.10/Python.h:77,
                             from numpy/core/src/multiarray/scalartypes.c.src:3:
            /usr/include/python3.10/pyhash.h:10:23: note: declared here
               10 | PyAPI_FUNC(Py_hash_t) _Py_HashDouble(PyObject *, double);
                  |                       ^~~~~~~~~~~~~~
            numpy/core/src/multiarray/scalartypes.c.src: In function â€˜half_arrtype_hashâ€™:
            numpy/core/src/multiarray/scalartypes.c.src:2997:27: error: incompatible type for argument 1 of â€˜_Py_HashDoubleâ€™
             2997 |     return _Py_HashDouble(npy_half_to_double(PyArrayScalar_VAL(obj, Half)));
                  |                           ^~~~~~~~~~~~~~~~~~~~~~~~~~~~~~~~~~~~~~~~~~~~~~~~
                  |                           |
                  |                           double
            In file included from /usr/include/python3.10/Python.h:77,
                             from numpy/core/src/multiarray/scalartypes.c.src:3:
            /usr/include/python3.10/pyhash.h:10:38: note: expected â€˜PyObject *â€™ {aka â€˜struct _object *â€™} but argument is of type â€˜doubleâ€™
               10 | PyAPI_FUNC(Py_hash_t) _Py_HashDouble(PyObject *, double);
                  |                                      ^~~~~~~~~~
            numpy/core/src/multiarray/scalartypes.c.src:2997:12: error: too few arguments to function â€˜_Py_HashDoubleâ€™
             2997 |     return _Py_HashDouble(npy_half_to_double(PyArrayScalar_VAL(obj, Half)));
                  |            ^~~~~~~~~~~~~~
            In file included from /usr/include/python3.10/Python.h:77,
                             from numpy/core/src/multiarray/scalartypes.c.src:3:
            /usr/include/python3.10/pyhash.h:10:23: note: declared here
               10 | PyAPI_FUNC(Py_hash_t) _Py_HashDouble(PyObject *, double);
                  |                       ^~~~~~~~~~~~~~
            numpy/core/src/multiarray/scalartypes.c.src: In function â€˜longdouble_arrtype_hashâ€™:
            numpy/core/src/multiarray/scalartypes.c.src:2968:1: warning: control reaches end of non-void function [-Wreturn-type]
             2968 | }
                  | ^
            numpy/core/src/multiarray/scalartypes.c.src: In function â€˜float_arrtype_hashâ€™:
            numpy/core/src/multiarray/scalartypes.c.src:2968:1: warning: control reaches end of non-void function [-Wreturn-type]
             2968 | }
                  | ^
            numpy/core/src/multiarray/scalartypes.c.src: In function â€˜half_arrtype_hashâ€™:
            numpy/core/src/multiarray/scalartypes.c.src:2998:1: warning: control reaches end of non-void function [-Wreturn-type]
             2998 | }
                  | ^
            x86_64-linux-gnu-gcc: numpy/core/src/multiarray/vdot.c
            x86_64-linux-gnu-gcc: numpy/core/src/multiarray/scalarapi.c
            x86_64-linux-gnu-gcc: numpy/core/src/umath/umathmodule.c
            x86_64-linux-gnu-gcc: numpy/core/src/multiarray/nditer_pywrap.c
            x86_64-linux-gnu-gcc: numpy/core/src/umath/reduction.c
            x86_64-linux-gnu-gcc: build/src.linux-x86_64-3.10/numpy/core/src/umath/clip.c
            x86_64-linux-gnu-gcc: build/src.linux-x86_64-3.10/numpy/core/src/umath/loops.c
            x86_64-linux-gnu-gcc: numpy/core/src/umath/override.c
            x86_64-linux-gnu-gcc: numpy/core/src/umath/ufunc_object.c
            x86_64-linux-gnu-gcc: numpy/core/src/npymath/npy_math.c
            x86_64-linux-gnu-gcc: build/src.linux-x86_64-3.10/numpy/core/src/npymath/ieee754.c
            x86_64-linux-gnu-gcc: build/src.linux-x86_64-3.10/numpy/core/src/npymath/npy_math_complex.c
            x86_64-linux-gnu-gcc: numpy/core/src/npymath/halffloat.c
            x86_64-linux-gnu-gcc: numpy/core/src/common/array_assign.c
            x86_64-linux-gnu-gcc: numpy/core/src/common/mem_overlap.c
            x86_64-linux-gnu-gcc: numpy/core/src/umath/extobj.c
            x86_64-linux-gnu-gcc: build/src.linux-x86_64-3.10/numpy/core/src/umath/scalarmath.c
            x86_64-linux-gnu-gcc: numpy/core/src/common/npy_longdouble.c
            x86_64-linux-gnu-gcc: numpy/core/src/common/ucsnarrow.c
            x86_64-linux-gnu-gcc: numpy/core/src/common/ufunc_override.c
            x86_64-linux-gnu-gcc: numpy/core/src/common/numpyos.c
            x86_64-linux-gnu-gcc: build/src.linux-x86_64-3.10/numpy/core/src/common/npy_cpu_features.c
            x86_64-linux-gnu-gcc: numpy/core/src/common/cblasfuncs.c
            x86_64-linux-gnu-gcc: numpy/core/src/common/python_xerbla.c
            x86_64-linux-gnu-gcc: numpy/core/src/umath/ufunc_type_resolution.c
            x86_64-linux-gnu-gcc: numpy/core/src/multiarray/mapping.c
            x86_64-linux-gnu-gcc: numpy/core/src/multiarray/methods.c
            x86_64-linux-gnu-gcc: build/src.linux-x86_64-3.10/numpy/core/src/umath/matmul.c
            error: Command "x86_64-linux-gnu-gcc -Wno-unused-result -Wsign-compare -DNDEBUG -g -fwrapv -O2 -Wall -g -fstack-protector-strong -Wformat -Werror=format-security -g -fwrapv -O2 -fPIC -DNPY_INTERNAL_BUILD=1 -DHAVE_NPY_CONFIG_H=1 -D_FILE_OFFSET_BITS=64 -D_LARGEFILE_SOURCE=1 -D_LARGEFILE64_SOURCE=1 -DHAVE_CBLAS -Ibuild/src.linux-x86_64-3.10/numpy/core/src/umath -Ibuild/src.linux-x86_64-3.10/numpy/core/src/npymath -Ibuild/src.linux-x86_64-3.10/numpy/core/src/common -Inumpy/core/include -Ibuild/src.linux-x86_64-3.10/numpy/core/include/numpy -Inumpy/core/src/common -Inumpy/core/src -Inumpy/core -Inumpy/core/src/npymath -Inumpy/core/src/multiarray -Inumpy/core/src/umath -Inumpy/core/src/npysort -I/local_disk0/.ephemeral_nfs/envs/pythonEnv-b88c44e8-f5ed-4248-9cf1-9c322e0389d0/include -I/usr/include/python3.10 -Ibuild/src.linux-x86_64-3.10/numpy/core/src/common -Ibuild/src.linux-x86_64-3.10/numpy/core/src/npymath -c build/src.linux-x86_64-3.10/numpy/core/src/multiarray/scalartypes.c -o build/temp.linux-x86_64-cpython-310/build/src.linux-x86_64-3.10/numpy/core/src/multiarray/scalartypes.o -MMD -MF build/temp.linux-x86_64-cpython-310/build/src.linux-x86_64-3.10/numpy/core/src/multiarray/scalartypes.o.d -std=c99" failed with exit status 1
            [end of output]
      
        note: This error originates from a subprocess, and is likely not a problem with pip.
        ERROR: Failed building wheel for numpy
      Failed to build numpy
      ERROR: Could not build wheels for numpy, which is required to install pyproject.toml-based projects
      
      [notice] A new release of pip available: 22.3.1 -> 26.0
      [notice] To update, run: pip install --upgrade pip
      [end of output]
  
  note: This error originates from a subprocess, and is likely not a problem with pip.
error: subprocess-exited-with-error

Ã— pip subprocess to install build dependencies did not run successfully.
â”‚ exit code: 1
â•°â”€> See above for output.

note: This error originates from a subprocess, and is likely not a problem with pip.

[notice] A new release of pip available: 22.3.1 -> 26.0
[notice] To update, run: pip install --upgrade pip

ðŸŽ¬ **STARTING REAL Wav2Lip** (lips move!)
COMMAND: cd "/Volumes/lab37_catalog/ifstrolley/trolley/wav2lip/Wav2Lip-master" && python inference.py --checkpoint_path "/Volumes/lab37_catalog/ifstrolley/trolley/wav2lip/wav2lip_gan.pth" --face "/Volumes/lab37_catalog/ifstrolley/trolley/indigo_airhostress_response_v2.mp4" --audio "/Volumes/lab37_catalog/ifstrolley/trolley/audio_file.wav" --outfile "/Volumes/lab37_catalog/ifstrolley/trolley/REAL_wav2lip_output.mp4"
Traceback (most recent call last):
  File "/Volumes/lab37_catalog/ifstrolley/trolley/wav2lip/Wav2Lip-master/inference.py", line 3, in <module>
    import scipy, cv2, os, sys, argparse, audio
ModuleNotFoundError: No module named 'cv2'

âœ… Check folder for: /Volumes/lab37_catalog/ifstrolley/trolley/REAL_wav2lip_output.mp4
